Using pre-set license
Built from '2020.3/staging' branch; Version is '2020.3.4f1 (0abb6314276a) revision 703331'; Using compiler version '192528614'; Build Type 'Release'
OS: 'Windows 10 Home; OS build 19042.928; Version 2009; 64bit' Language: 'en' Physical Memory: 16309 MB
BatchMode: 1, IsHumanControllingUs: 0, StartBugReporterOnCrash: 0, Is64bit: 1, IsPro: 0

 COMMAND LINE ARGUMENTS:
C:\Program Files\Unity\Hub\Editor\2020.3.4f1\Editor\Unity.exe
-adb2
-batchMode
-noUpm
-name
AssetImportWorker0
-projectPath
C:/Users/User/Desktop/Rube Goldburg
-logFile
Logs/AssetImportWorker0.log
-srvPort
51192
Successfully changed project path to: C:/Users/User/Desktop/Rube Goldburg
C:/Users/User/Desktop/Rube Goldburg
Using Asset Import Pipeline V2.
Refreshing native plugins compatible for Editor in 17.17 ms, found 0 plugins.
Preloading 0 native plugins for Editor in 0.00 ms.
Initialize engine version: 2020.3.4f1 (0abb6314276a)
[Subsystems] Discovering subsystems at path C:/Program Files/Unity/Hub/Editor/2020.3.4f1/Editor/Data/Resources/UnitySubsystems
[Subsystems] Discovering subsystems at path C:/Users/User/Desktop/Rube Goldburg/Assets
GfxDevice: creating device client; threaded=0
Direct3D:
    Version:  Direct3D 11.0 [level 11.1]
    Renderer: NVIDIA GeForce RTX 3070 (ID=0x2484)
    Vendor:   
    VRAM:     8043 MB
    Driver:   27.21.14.6611
Initialize mono
Mono path[0] = 'C:/Program Files/Unity/Hub/Editor/2020.3.4f1/Editor/Data/Managed'
Mono path[1] = 'C:/Program Files/Unity/Hub/Editor/2020.3.4f1/Editor/Data/MonoBleedingEdge/lib/mono/unityjit'
Mono config path = 'C:/Program Files/Unity/Hub/Editor/2020.3.4f1/Editor/Data/MonoBleedingEdge/etc'
Using monoOptions --debugger-agent=transport=dt_socket,embedding=1,server=y,suspend=n,address=127.0.0.1:56604
Begin MonoManager ReloadAssembly
Registering precompiled unity dll's ...
Register platform support module: C:/Program Files/Unity/Hub/Editor/2020.3.4f1/Editor/Data/PlaybackEngines/WebGLSupport/UnityEditor.WebGL.Extensions.dll
Register platform support module: C:/Program Files/Unity/Hub/Editor/2020.3.4f1/Editor/Data/PlaybackEngines/WindowsStandaloneSupport/UnityEditor.WindowsStandalone.Extensions.dll
Registered in 0.001586 seconds.
Native extension for WindowsStandalone target not found
Native extension for WebGL target not found
Refreshing native plugins compatible for Editor in 17.62 ms, found 0 plugins.
Preloading 0 native plugins for Editor in 0.00 ms.
Mono: successfully reloaded assembly
- Completed reload, in  0.808 seconds
Platform modules already initialized, skipping
Registering precompiled user dll's ...
Registered in 0.000438 seconds.
Begin MonoManager ReloadAssembly
Native extension for WindowsStandalone target not found
Native extension for WebGL target not found
Refreshing native plugins compatible for Editor in 0.20 ms, found 0 plugins.
Preloading 0 native plugins for Editor in 0.00 ms.
Mono: successfully reloaded assembly
- Completed reload, in  0.496 seconds
Platform modules already initialized, skipping
========================================================================
Worker process is ready to serve import requests
Launched and connected shader compiler UnityShaderCompiler.exe after 0.03 seconds
Refreshing native plugins compatible for Editor in 0.20 ms, found 0 plugins.
Preloading 0 native plugins for Editor in 0.00 ms.
Unloading 1136 Unused Serialized files (Serialized files now loaded: 0)
System memory in use before: 70.4 MB.
System memory in use after: 70.5 MB.

Unloading 10 unused Assets to reduce memory usage. Loaded Objects now: 1602.
Total: 1.320700 ms (FindLiveObjects: 0.112900 ms CreateObjectMapping: 0.030000 ms MarkObjects: 1.105400 ms  DeleteObjects: 0.071800 ms)

========================================================================
Received Import Request.
  path: Assets/Scripts/MouseOrbit.cs
  artifactKey: Guid(fe861a4a784470c4ebb9c9757831b89d) Importer(815301076,1909f56bfc062723c751e8b465ee728b)
Start importing Assets/Scripts/MouseOrbit.cs using Guid(fe861a4a784470c4ebb9c9757831b89d) Importer(815301076,1909f56bfc062723c751e8b465ee728b)  -> (artifact id: 'e749e3ecb28205cb850b1b196fed3bf9') in 0.023570 seconds
  Import took 0.025004 seconds .

========================================================================
Received Prepare
Registering precompiled user dll's ...
Registered in 0.000422 seconds.
Begin MonoManager ReloadAssembly
Native extension for WindowsStandalone target not found
Native extension for WebGL target not found
Refreshing native plugins compatible for Editor in 0.23 ms, found 0 plugins.
Preloading 0 native plugins for Editor in 0.00 ms.
Mono: successfully reloaded assembly
- Completed reload, in  0.559 seconds
Platform modules already initialized, skipping
Refreshing native plugins compatible for Editor in 0.20 ms, found 0 plugins.
Preloading 0 native plugins for Editor in 0.00 ms.
Unloading 1131 Unused Serialized files (Serialized files now loaded: 0)
System memory in use before: 70.4 MB.
System memory in use after: 70.4 MB.

Unloading 5 unused Assets to reduce memory usage. Loaded Objects now: 1605.
Total: 1.595900 ms (FindLiveObjects: 0.122200 ms CreateObjectMapping: 0.021900 ms MarkObjects: 1.392400 ms  DeleteObjects: 0.058500 ms)

========================================================================
Received Import Request.
  Time since last request: 162.322324 seconds.
  path: Assets/Scripts/BallSpawner.cs
  artifactKey: Guid(85f6827d4a006f841b62a7432fabeb9b) Importer(815301076,1909f56bfc062723c751e8b465ee728b)
Start importing Assets/Scripts/BallSpawner.cs using Guid(85f6827d4a006f841b62a7432fabeb9b) Importer(815301076,1909f56bfc062723c751e8b465ee728b)  -> (artifact id: '8470de2596dc38e39e273cb988116f3a') in 0.008339 seconds
  Import took 0.010233 seconds .

========================================================================
Received Prepare
Registering precompiled user dll's ...
Registered in 0.000512 seconds.
Begin MonoManager ReloadAssembly
Native extension for WindowsStandalone target not found
Native extension for WebGL target not found
Refreshing native plugins compatible for Editor in 0.20 ms, found 0 plugins.
Preloading 0 native plugins for Editor in 0.00 ms.
Mono: successfully reloaded assembly
- Completed reload, in  0.498 seconds
Platform modules already initialized, skipping
Refreshing native plugins compatible for Editor in 0.20 ms, found 0 plugins.
Preloading 0 native plugins for Editor in 0.00 ms.
Unloading 1131 Unused Serialized files (Serialized files now loaded: 0)
System memory in use before: 70.4 MB.
System memory in use after: 70.5 MB.

Unloading 5 unused Assets to reduce memory usage. Loaded Objects now: 1608.
Total: 1.315900 ms (FindLiveObjects: 0.129400 ms CreateObjectMapping: 0.028100 ms MarkObjects: 1.109500 ms  DeleteObjects: 0.048300 ms)

========================================================================
Received Import Request.
  Time since last request: 212.444222 seconds.
  path: Assets/Scripts/FinishEffect.cs
  artifactKey: Guid(7b1f51ae9dd380940acad0124bdcdde5) Importer(815301076,1909f56bfc062723c751e8b465ee728b)
Start importing Assets/Scripts/FinishEffect.cs using Guid(7b1f51ae9dd380940acad0124bdcdde5) Importer(815301076,1909f56bfc062723c751e8b465ee728b)  -> (artifact id: 'ac631c1efcdf6aff5a7bab2bdda1b30a') in 0.003003 seconds
  Import took 0.004235 seconds .

========================================================================
Received Import Request.
  Time since last request: 3643.503223 seconds.
  path: Assets/Prefab's/Spot Light.prefab
  artifactKey: Guid(2419450da1aa4be46b039f4dfb742b67) Importer(815301076,1909f56bfc062723c751e8b465ee728b)
Start importing Assets/Prefab's/Spot Light.prefab using Guid(2419450da1aa4be46b039f4dfb742b67) Importer(815301076,1909f56bfc062723c751e8b465ee728b)  -> (artifact id: '0430ba373c4e5d706da4cf61af64aa10') in 0.030998 seconds
  Import took 0.034098 seconds .

========================================================================
Received Import Request.
  Time since last request: 45.879115 seconds.
  path: Assets/Prefab's/Lights
  artifactKey: Guid(2272d2d06254cd1458a1a9637b2e25b7) Importer(815301076,1909f56bfc062723c751e8b465ee728b)
Start importing Assets/Prefab's/Lights using Guid(2272d2d06254cd1458a1a9637b2e25b7) Importer(815301076,1909f56bfc062723c751e8b465ee728b)  -> (artifact id: 'c1fcf4d033fafa1c46eb40a30e8c5b44') in 0.007344 seconds
  Import took 0.010026 seconds .

========================================================================
Received Prepare
Registering precompiled user dll's ...
Registered in 0.000528 seconds.
Begin MonoManager ReloadAssembly
Native extension for WindowsStandalone target not found
Native extension for WebGL target not found
Refreshing native plugins compatible for Editor in 0.29 ms, found 0 plugins.
Preloading 0 native plugins for Editor in 0.00 ms.
Mono: successfully reloaded assembly
- Completed reload, in  0.572 seconds
Platform modules already initialized, skipping
Refreshing native plugins compatible for Editor in 0.21 ms, found 0 plugins.
Preloading 0 native plugins for Editor in 0.00 ms.
Unloading 1130 Unused Serialized files (Serialized files now loaded: 0)
System memory in use before: 70.4 MB.
System memory in use after: 70.5 MB.

Unloading 6 unused Assets to reduce memory usage. Loaded Objects now: 1610.
Total: 1.431600 ms (FindLiveObjects: 0.242500 ms CreateObjectMapping: 0.031900 ms MarkObjects: 1.090900 ms  DeleteObjects: 0.065400 ms)

========================================================================
Received Import Request.
  Time since last request: 888.562478 seconds.
  path: Assets/Prefab's/Panels/Panels Long.prefab
  artifactKey: Guid(85fc4f388c897264e94ccaef814dc5a8) Importer(815301076,1909f56bfc062723c751e8b465ee728b)
Start importing Assets/Prefab's/Panels/Panels Long.prefab using Guid(85fc4f388c897264e94ccaef814dc5a8) Importer(815301076,1909f56bfc062723c751e8b465ee728b)  -> (artifact id: 'e44dc3c237cd3daa225634e0c541300a') in 0.082131 seconds
  Import took 0.084972 seconds .

========================================================================
Received Prepare
Registering precompiled user dll's ...
Registered in 0.000544 seconds.
Begin MonoManager ReloadAssembly
Native extension for WindowsStandalone target not found
Native extension for WebGL target not found
Refreshing native plugins compatible for Editor in 0.25 ms, found 0 plugins.
Preloading 0 native plugins for Editor in 0.00 ms.
Mono: successfully reloaded assembly
- Completed reload, in  0.584 seconds
Platform modules already initialized, skipping
Refreshing native plugins compatible for Editor in 0.22 ms, found 0 plugins.
Preloading 0 native plugins for Editor in 0.00 ms.
Unloading 1131 Unused Serialized files (Serialized files now loaded: 0)
System memory in use before: 73.5 MB.
System memory in use after: 73.6 MB.

Unloading 6 unused Assets to reduce memory usage. Loaded Objects now: 1622.
Total: 1.434300 ms (FindLiveObjects: 0.214200 ms CreateObjectMapping: 0.023700 ms MarkObjects: 1.119900 ms  DeleteObjects: 0.075600 ms)

========================================================================
Received Import Request.
  Time since last request: 324.428659 seconds.
  path: Assets/Scripts/Teleport_D_Ball.cs
  artifactKey: Guid(c8378954f9ba13d4f807a428231c88a8) Importer(815301076,1909f56bfc062723c751e8b465ee728b)
Start importing Assets/Scripts/Teleport_D_Ball.cs using Guid(c8378954f9ba13d4f807a428231c88a8) Importer(815301076,1909f56bfc062723c751e8b465ee728b)  -> (artifact id: '0e1596c090aaf294c5d41c6191507bb0') in 0.007747 seconds
  Import took 0.010131 seconds .

========================================================================
Received Prepare
Registering precompiled user dll's ...
Registered in 0.000472 seconds.
Begin MonoManager ReloadAssembly
Native extension for WindowsStandalone target not found
Native extension for WebGL target not found
Refreshing native plugins compatible for Editor in 0.26 ms, found 0 plugins.
Preloading 0 native plugins for Editor in 0.00 ms.
Mono: successfully reloaded assembly
- Completed reload, in  0.578 seconds
Platform modules already initialized, skipping
Refreshing native plugins compatible for Editor in 0.27 ms, found 0 plugins.
Preloading 0 native plugins for Editor in 0.00 ms.
Unloading 1131 Unused Serialized files (Serialized files now loaded: 0)
System memory in use before: 73.5 MB.
System memory in use after: 73.6 MB.

Unloading 5 unused Assets to reduce memory usage. Loaded Objects now: 1625.
Total: 1.294200 ms (FindLiveObjects: 0.134700 ms CreateObjectMapping: 0.022600 ms MarkObjects: 1.072600 ms  DeleteObjects: 0.063300 ms)

========================================================================
Received Import Request.
  Time since last request: 9.184712 seconds.
  path: Assets/Scripts/Teleport_D.cs
  artifactKey: Guid(b59357a79397fe741a910f452fb12a27) Importer(815301076,1909f56bfc062723c751e8b465ee728b)
Start importing Assets/Scripts/Teleport_D.cs using Guid(b59357a79397fe741a910f452fb12a27) Importer(815301076,1909f56bfc062723c751e8b465ee728b)  -> (artifact id: '067697d9998745089f2504684ae53f4f') in 0.008686 seconds
  Import took 0.011730 seconds .

========================================================================
Received Prepare
Registering precompiled user dll's ...
Registered in 0.000455 seconds.
Begin MonoManager ReloadAssembly
Native extension for WindowsStandalone target not found
Native extension for WebGL target not found
Refreshing native plugins compatible for Editor in 0.22 ms, found 0 plugins.
Preloading 0 native plugins for Editor in 0.00 ms.
Mono: successfully reloaded assembly
- Completed reload, in  0.580 seconds
Platform modules already initialized, skipping
Refreshing native plugins compatible for Editor in 0.20 ms, found 0 plugins.
Preloading 0 native plugins for Editor in 0.00 ms.
Unloading 1132 Unused Serialized files (Serialized files now loaded: 0)
System memory in use before: 73.6 MB.
System memory in use after: 73.6 MB.

Unloading 5 unused Assets to reduce memory usage. Loaded Objects now: 1629.
Total: 1.414600 ms (FindLiveObjects: 0.173000 ms CreateObjectMapping: 0.023400 ms MarkObjects: 1.151400 ms  DeleteObjects: 0.066100 ms)

========================================================================
Received Prepare
Registering precompiled user dll's ...
Registered in 0.000443 seconds.
Begin MonoManager ReloadAssembly
Native extension for WindowsStandalone target not found
Native extension for WebGL target not found
Refreshing native plugins compatible for Editor in 0.21 ms, found 0 plugins.
Preloading 0 native plugins for Editor in 0.00 ms.
Mono: successfully reloaded assembly
- Completed reload, in  0.545 seconds
Platform modules already initialized, skipping
Refreshing native plugins compatible for Editor in 0.22 ms, found 0 plugins.
Preloading 0 native plugins for Editor in 0.00 ms.
Unloading 1132 Unused Serialized files (Serialized files now loaded: 0)
System memory in use before: 73.6 MB.
System memory in use after: 73.6 MB.

Unloading 5 unused Assets to reduce memory usage. Loaded Objects now: 1632.
Total: 1.576200 ms (FindLiveObjects: 0.228400 ms CreateObjectMapping: 0.031800 ms MarkObjects: 1.249600 ms  DeleteObjects: 0.065600 ms)

========================================================================
Received Prepare
Registering precompiled user dll's ...
Registered in 0.000536 seconds.
Begin MonoManager ReloadAssembly
Native extension for WindowsStandalone target not found
Native extension for WebGL target not found
Refreshing native plugins compatible for Editor in 0.27 ms, found 0 plugins.
Preloading 0 native plugins for Editor in 0.00 ms.
Mono: successfully reloaded assembly
- Completed reload, in  0.585 seconds
Platform modules already initialized, skipping
Refreshing native plugins compatible for Editor in 0.30 ms, found 0 plugins.
Preloading 0 native plugins for Editor in 0.00 ms.
Unloading 1132 Unused Serialized files (Serialized files now loaded: 0)
System memory in use before: 73.6 MB.
System memory in use after: 73.6 MB.

Unloading 5 unused Assets to reduce memory usage. Loaded Objects now: 1635.
Total: 1.773100 ms (FindLiveObjects: 0.182400 ms CreateObjectMapping: 0.024500 ms MarkObjects: 1.482000 ms  DeleteObjects: 0.083500 ms)

========================================================================
Received Import Request.
  Time since last request: 123.530345 seconds.
  path: Assets/Scripts/Teleport_D_Ball.cs
  artifactKey: Guid(c8378954f9ba13d4f807a428231c88a8) Importer(815301076,1909f56bfc062723c751e8b465ee728b)
Start importing Assets/Scripts/Teleport_D_Ball.cs using Guid(c8378954f9ba13d4f807a428231c88a8) Importer(815301076,1909f56bfc062723c751e8b465ee728b)  -> (artifact id: 'efd5b78a5256d94ac20d467282647c19') in 0.004467 seconds
  Import took 0.006960 seconds .

========================================================================
Received Import Request.
  Time since last request: 8.571414 seconds.
  path: Assets/Scripts/Teleport_D.cs
  artifactKey: Guid(b59357a79397fe741a910f452fb12a27) Importer(815301076,1909f56bfc062723c751e8b465ee728b)
Start importing Assets/Scripts/Teleport_D.cs using Guid(b59357a79397fe741a910f452fb12a27) Importer(815301076,1909f56bfc062723c751e8b465ee728b)  -> (artifact id: '3deb3268bd6b9810ffe3c04c12a6570a') in 0.001850 seconds
  Import took 0.008924 seconds .

========================================================================
Received Prepare
Registering precompiled user dll's ...
Registered in 0.000442 seconds.
Begin MonoManager ReloadAssembly
Native extension for WindowsStandalone target not found
Native extension for WebGL target not found
Refreshing native plugins compatible for Editor in 0.43 ms, found 0 plugins.
Preloading 0 native plugins for Editor in 0.00 ms.
Mono: successfully reloaded assembly
- Completed reload, in  0.628 seconds
Platform modules already initialized, skipping
Refreshing native plugins compatible for Editor in 0.41 ms, found 0 plugins.
Preloading 0 native plugins for Editor in 0.00 ms.
Unloading 1132 Unused Serialized files (Serialized files now loaded: 0)
System memory in use before: 73.6 MB.
System memory in use after: 73.7 MB.

Unloading 5 unused Assets to reduce memory usage. Loaded Objects now: 1638.
Total: 1.914800 ms (FindLiveObjects: 0.200200 ms CreateObjectMapping: 0.032300 ms MarkObjects: 1.591800 ms  DeleteObjects: 0.089500 ms)

========================================================================
Received Prepare
Registering precompiled user dll's ...
Registered in 0.000772 seconds.
Begin MonoManager ReloadAssembly
Native extension for WindowsStandalone target not found
Native extension for WebGL target not found
Refreshing native plugins compatible for Editor in 0.37 ms, found 0 plugins.
Preloading 0 native plugins for Editor in 0.00 ms.
Mono: successfully reloaded assembly
- Completed reload, in  0.606 seconds
Platform modules already initialized, skipping
Refreshing native plugins compatible for Editor in 0.50 ms, found 0 plugins.
Preloading 0 native plugins for Editor in 0.00 ms.
Unloading 1132 Unused Serialized files (Serialized files now loaded: 0)
System memory in use before: 73.6 MB.
System memory in use after: 73.7 MB.

Unloading 5 unused Assets to reduce memory usage. Loaded Objects now: 1641.
Total: 1.590300 ms (FindLiveObjects: 0.168200 ms CreateObjectMapping: 0.024300 ms MarkObjects: 1.338000 ms  DeleteObjects: 0.059000 ms)

========================================================================
Received Prepare
Registering precompiled user dll's ...
Registered in 0.000962 seconds.
Begin MonoManager ReloadAssembly
Native extension for WindowsStandalone target not found
Native extension for WebGL target not found
Refreshing native plugins compatible for Editor in 0.28 ms, found 0 plugins.
Preloading 0 native plugins for Editor in 0.00 ms.
Mono: successfully reloaded assembly
- Completed reload, in  0.667 seconds
Platform modules already initialized, skipping
Refreshing native plugins compatible for Editor in 0.33 ms, found 0 plugins.
Preloading 0 native plugins for Editor in 0.00 ms.
Unloading 1132 Unused Serialized files (Serialized files now loaded: 0)
System memory in use before: 73.6 MB.
System memory in use after: 73.7 MB.

Unloading 5 unused Assets to reduce memory usage. Loaded Objects now: 1644.
Total: 1.903900 ms (FindLiveObjects: 0.234700 ms CreateObjectMapping: 0.025800 ms MarkObjects: 1.555400 ms  DeleteObjects: 0.087100 ms)

========================================================================
Received Prepare
Registering precompiled user dll's ...
Registered in 0.000642 seconds.
Begin MonoManager ReloadAssembly
Native extension for WindowsStandalone target not found
Native extension for WebGL target not found
Refreshing native plugins compatible for Editor in 0.26 ms, found 0 plugins.
Preloading 0 native plugins for Editor in 0.00 ms.
Mono: successfully reloaded assembly
- Completed reload, in  0.642 seconds
Platform modules already initialized, skipping
Refreshing native plugins compatible for Editor in 0.26 ms, found 0 plugins.
Preloading 0 native plugins for Editor in 0.00 ms.
Unloading 1132 Unused Serialized files (Serialized files now loaded: 0)
System memory in use before: 73.6 MB.
System memory in use after: 73.7 MB.

Unloading 5 unused Assets to reduce memory usage. Loaded Objects now: 1647.
Total: 1.662800 ms (FindLiveObjects: 0.151800 ms CreateObjectMapping: 0.023100 ms MarkObjects: 1.354300 ms  DeleteObjects: 0.132600 ms)

========================================================================
Received Prepare
Registering precompiled user dll's ...
Registered in 0.000483 seconds.
Begin MonoManager ReloadAssembly
Native extension for WindowsStandalone target not found
Native extension for WebGL target not found
Refreshing native plugins compatible for Editor in 0.33 ms, found 0 plugins.
Preloading 0 native plugins for Editor in 0.00 ms.
Mono: successfully reloaded assembly
- Completed reload, in  0.580 seconds
Platform modules already initialized, skipping
Refreshing native plugins compatible for Editor in 0.22 ms, found 0 plugins.
Preloading 0 native plugins for Editor in 0.00 ms.
Unloading 1131 Unused Serialized files (Serialized files now loaded: 0)
System memory in use before: 73.6 MB.
System memory in use after: 73.7 MB.

Unloading 6 unused Assets to reduce memory usage. Loaded Objects now: 1649.
Total: 1.458600 ms (FindLiveObjects: 0.160900 ms CreateObjectMapping: 0.031600 ms MarkObjects: 1.197600 ms  DeleteObjects: 0.067700 ms)

========================================================================
Received Prepare
Registering precompiled user dll's ...
Registered in 0.000408 seconds.
Begin MonoManager ReloadAssembly
Native extension for WindowsStandalone target not found
Native extension for WebGL target not found
Refreshing native plugins compatible for Editor in 0.23 ms, found 0 plugins.
Preloading 0 native plugins for Editor in 0.00 ms.
Mono: successfully reloaded assembly
- Completed reload, in  0.536 seconds
Platform modules already initialized, skipping
Refreshing native plugins compatible for Editor in 0.23 ms, found 0 plugins.
Preloading 0 native plugins for Editor in 0.00 ms.
Unloading 1130 Unused Serialized files (Serialized files now loaded: 0)
System memory in use before: 73.6 MB.
System memory in use after: 73.6 MB.

Unloading 6 unused Assets to reduce memory usage. Loaded Objects now: 1651.
Total: 1.870500 ms (FindLiveObjects: 0.277500 ms CreateObjectMapping: 0.036100 ms MarkObjects: 1.469600 ms  DeleteObjects: 0.086200 ms)

========================================================================
Received Import Request.
  Time since last request: 1264.539931 seconds.
  path: Assets/Scripts/Unused scripts
  artifactKey: Guid(aacaa4a946493bb45bfacc6f67ad47b2) Importer(815301076,1909f56bfc062723c751e8b465ee728b)
Start importing Assets/Scripts/Unused scripts using Guid(aacaa4a946493bb45bfacc6f67ad47b2) Importer(815301076,1909f56bfc062723c751e8b465ee728b)  -> (artifact id: 'd593ea76d7da4a29194d659d53e0a1ac') in 0.007449 seconds
  Import took 0.009929 seconds .

========================================================================
Received Prepare
Registering precompiled user dll's ...
Registered in 0.000498 seconds.
Begin MonoManager ReloadAssembly
Native extension for WindowsStandalone target not found
Native extension for WebGL target not found
Refreshing native plugins compatible for Editor in 0.21 ms, found 0 plugins.
Preloading 0 native plugins for Editor in 0.00 ms.
Mono: successfully reloaded assembly
- Completed reload, in  0.546 seconds
Platform modules already initialized, skipping
Refreshing native plugins compatible for Editor in 0.31 ms, found 0 plugins.
Preloading 0 native plugins for Editor in 0.00 ms.
Unloading 1130 Unused Serialized files (Serialized files now loaded: 0)
System memory in use before: 73.6 MB.
System memory in use after: 73.6 MB.

Unloading 5 unused Assets to reduce memory usage. Loaded Objects now: 1654.
Total: 2.062700 ms (FindLiveObjects: 0.291200 ms CreateObjectMapping: 0.035900 ms MarkObjects: 1.642100 ms  DeleteObjects: 0.092700 ms)

========================================================================
Received Prepare
Registering precompiled user dll's ...
Registered in 0.000416 seconds.
Begin MonoManager ReloadAssembly
Native extension for WindowsStandalone target not found
Native extension for WebGL target not found
Refreshing native plugins compatible for Editor in 0.23 ms, found 0 plugins.
Preloading 0 native plugins for Editor in 0.00 ms.
Mono: successfully reloaded assembly
- Completed reload, in  0.538 seconds
Platform modules already initialized, skipping
Refreshing native plugins compatible for Editor in 0.22 ms, found 0 plugins.
Preloading 0 native plugins for Editor in 0.00 ms.
Unloading 1130 Unused Serialized files (Serialized files now loaded: 0)
System memory in use before: 73.6 MB.
System memory in use after: 73.7 MB.

Unloading 5 unused Assets to reduce memory usage. Loaded Objects now: 1657.
Total: 1.397700 ms (FindLiveObjects: 0.173900 ms CreateObjectMapping: 0.022800 ms MarkObjects: 1.137100 ms  DeleteObjects: 0.063200 ms)

AssetImportWorkerClient::OnTransportError - code=2 error=End of file
