Using pre-set license
Built from '2020.3/staging' branch; Version is '2020.3.4f1 (0abb6314276a) revision 703331'; Using compiler version '192528614'; Build Type 'Release'
OS: 'Windows 10 Home; OS build 19042.928; Version 2009; 64bit' Language: 'en' Physical Memory: 16309 MB
BatchMode: 1, IsHumanControllingUs: 0, StartBugReporterOnCrash: 0, Is64bit: 1, IsPro: 0

 COMMAND LINE ARGUMENTS:
C:\Program Files\Unity\Hub\Editor\2020.3.4f1\Editor\Unity.exe
-adb2
-batchMode
-noUpm
-name
AssetImportWorker0
-projectPath
C:/Users/User/Desktop/Rube Goldburg
-logFile
Logs/AssetImportWorker0.log
-srvPort
50133
Successfully changed project path to: C:/Users/User/Desktop/Rube Goldburg
C:/Users/User/Desktop/Rube Goldburg
Using Asset Import Pipeline V2.
Refreshing native plugins compatible for Editor in 15.96 ms, found 0 plugins.
Preloading 0 native plugins for Editor in 0.00 ms.
Initialize engine version: 2020.3.4f1 (0abb6314276a)
[Subsystems] Discovering subsystems at path C:/Program Files/Unity/Hub/Editor/2020.3.4f1/Editor/Data/Resources/UnitySubsystems
[Subsystems] Discovering subsystems at path C:/Users/User/Desktop/Rube Goldburg/Assets
GfxDevice: creating device client; threaded=0
Direct3D:
    Version:  Direct3D 11.0 [level 11.1]
    Renderer: NVIDIA GeForce RTX 3070 (ID=0x2484)
    Vendor:   
    VRAM:     8043 MB
    Driver:   27.21.14.6611
Initialize mono
Mono path[0] = 'C:/Program Files/Unity/Hub/Editor/2020.3.4f1/Editor/Data/Managed'
Mono path[1] = 'C:/Program Files/Unity/Hub/Editor/2020.3.4f1/Editor/Data/MonoBleedingEdge/lib/mono/unityjit'
Mono config path = 'C:/Program Files/Unity/Hub/Editor/2020.3.4f1/Editor/Data/MonoBleedingEdge/etc'
Using monoOptions --debugger-agent=transport=dt_socket,embedding=1,server=y,suspend=n,address=127.0.0.1:56088
Begin MonoManager ReloadAssembly
Registering precompiled unity dll's ...
Register platform support module: C:/Program Files/Unity/Hub/Editor/2020.3.4f1/Editor/Data/PlaybackEngines/WebGLSupport/UnityEditor.WebGL.Extensions.dll
Register platform support module: C:/Program Files/Unity/Hub/Editor/2020.3.4f1/Editor/Data/PlaybackEngines/WindowsStandaloneSupport/UnityEditor.WindowsStandalone.Extensions.dll
Registered in 0.001559 seconds.
Native extension for WindowsStandalone target not found
Native extension for WebGL target not found
Refreshing native plugins compatible for Editor in 16.67 ms, found 0 plugins.
Preloading 0 native plugins for Editor in 0.00 ms.
Mono: successfully reloaded assembly
- Completed reload, in  0.814 seconds
Platform modules already initialized, skipping
Registering precompiled user dll's ...
Registered in 0.000443 seconds.
Begin MonoManager ReloadAssembly
Native extension for WindowsStandalone target not found
Native extension for WebGL target not found
Refreshing native plugins compatible for Editor in 0.18 ms, found 0 plugins.
Preloading 0 native plugins for Editor in 0.00 ms.
Mono: successfully reloaded assembly
- Completed reload, in  0.539 seconds
Platform modules already initialized, skipping
========================================================================
Worker process is ready to serve import requests
Launched and connected shader compiler UnityShaderCompiler.exe after 0.03 seconds
Refreshing native plugins compatible for Editor in 0.19 ms, found 0 plugins.
Preloading 0 native plugins for Editor in 0.00 ms.
Unloading 1125 Unused Serialized files (Serialized files now loaded: 0)
System memory in use before: 69.9 MB.
System memory in use after: 70.0 MB.

Unloading 10 unused Assets to reduce memory usage. Loaded Objects now: 1590.
Total: 1.504300 ms (FindLiveObjects: 0.131500 ms CreateObjectMapping: 0.037900 ms MarkObjects: 1.253100 ms  DeleteObjects: 0.081000 ms)

========================================================================
Received Import Request.
  path: Assets/New Terrain.asset
  artifactKey: Guid(80fa9f8f4cbd3b342a4616252808dcab) Importer(815301076,1909f56bfc062723c751e8b465ee728b)
Start importing Assets/New Terrain.asset using Guid(80fa9f8f4cbd3b342a4616252808dcab) Importer(815301076,1909f56bfc062723c751e8b465ee728b)  -> (artifact id: '62775c1571493837968c37b0cbb762cf') in 0.051260 seconds
  Import took 0.053267 seconds .

========================================================================
Received Prepare
Registering precompiled user dll's ...
Registered in 0.000373 seconds.
Begin MonoManager ReloadAssembly
Native extension for WindowsStandalone target not found
Native extension for WebGL target not found
Refreshing native plugins compatible for Editor in 0.18 ms, found 0 plugins.
Preloading 0 native plugins for Editor in 0.00 ms.
Mono: successfully reloaded assembly
- Completed reload, in  0.501 seconds
Platform modules already initialized, skipping
Refreshing native plugins compatible for Editor in 0.18 ms, found 0 plugins.
Preloading 0 native plugins for Editor in 0.00 ms.
Unloading 1120 Unused Serialized files (Serialized files now loaded: 0)
System memory in use before: 69.9 MB.
System memory in use after: 70.0 MB.

Unloading 5 unused Assets to reduce memory usage. Loaded Objects now: 1595.
Total: 1.380700 ms (FindLiveObjects: 0.120700 ms CreateObjectMapping: 0.032500 ms MarkObjects: 1.179800 ms  DeleteObjects: 0.046800 ms)

========================================================================
Received Prepare
Registering precompiled user dll's ...
Registered in 0.000379 seconds.
Begin MonoManager ReloadAssembly
Native extension for WindowsStandalone target not found
Native extension for WebGL target not found
Refreshing native plugins compatible for Editor in 0.20 ms, found 0 plugins.
Preloading 0 native plugins for Editor in 0.00 ms.
Mono: successfully reloaded assembly
- Completed reload, in  0.507 seconds
Platform modules already initialized, skipping
Refreshing native plugins compatible for Editor in 0.19 ms, found 0 plugins.
Preloading 0 native plugins for Editor in 0.00 ms.
Unloading 1120 Unused Serialized files (Serialized files now loaded: 0)
System memory in use before: 69.9 MB.
System memory in use after: 70.0 MB.

Unloading 5 unused Assets to reduce memory usage. Loaded Objects now: 1598.
Total: 1.645500 ms (FindLiveObjects: 0.123100 ms CreateObjectMapping: 0.037400 ms MarkObjects: 1.431000 ms  DeleteObjects: 0.053200 ms)

========================================================================
Received Import Request.
  Time since last request: 3.773083 seconds.
  path: Assets/Scripts/Camera.cs
  artifactKey: Guid(9a2c03fa4345ea94392b92d67c60a87e) Importer(815301076,1909f56bfc062723c751e8b465ee728b)
Start importing Assets/Scripts/Camera.cs using Guid(9a2c03fa4345ea94392b92d67c60a87e) Importer(815301076,1909f56bfc062723c751e8b465ee728b)  -> (artifact id: '5cae3133e6e5e5b09ec1afc80b0bdf38') in 0.008743 seconds
  Import took 0.010183 seconds .

========================================================================
Received Import Request.
  Time since last request: 20.988775 seconds.
  path: Assets/Scripts/CameraController.cs
  artifactKey: Guid(9a2c03fa4345ea94392b92d67c60a87e) Importer(815301076,1909f56bfc062723c751e8b465ee728b)
Start importing Assets/Scripts/CameraController.cs using Guid(9a2c03fa4345ea94392b92d67c60a87e) Importer(815301076,1909f56bfc062723c751e8b465ee728b)  -> (artifact id: '2a23c97d5a48614e902a5c776f7733ab') in 0.004868 seconds
  Import took 0.006470 seconds .

========================================================================
Received Import Request.
  Time since last request: 0.000270 seconds.
  path: Assets/Scripts/CameraController.cs
  artifactKey: Guid(9a2c03fa4345ea94392b92d67c60a87e) Importer(815301076,1909f56bfc062723c751e8b465ee728b)
Start importing Assets/Scripts/CameraController.cs using Guid(9a2c03fa4345ea94392b92d67c60a87e) Importer(815301076,1909f56bfc062723c751e8b465ee728b)  -> (artifact id: '2a23c97d5a48614e902a5c776f7733ab') in 0.001175 seconds
  Import took 0.002251 seconds .

========================================================================
Received Prepare
Registering precompiled user dll's ...
Registered in 0.000340 seconds.
Begin MonoManager ReloadAssembly
Native extension for WindowsStandalone target not found
Native extension for WebGL target not found
Refreshing native plugins compatible for Editor in 0.19 ms, found 0 plugins.
Preloading 0 native plugins for Editor in 0.00 ms.
Mono: successfully reloaded assembly
- Completed reload, in  0.493 seconds
Platform modules already initialized, skipping
Refreshing native plugins compatible for Editor in 0.19 ms, found 0 plugins.
Preloading 0 native plugins for Editor in 0.00 ms.
Unloading 1120 Unused Serialized files (Serialized files now loaded: 0)
System memory in use before: 69.9 MB.
System memory in use after: 70.0 MB.

Unloading 5 unused Assets to reduce memory usage. Loaded Objects now: 1601.
Total: 1.497300 ms (FindLiveObjects: 0.114700 ms CreateObjectMapping: 0.031400 ms MarkObjects: 1.288300 ms  DeleteObjects: 0.062100 ms)

========================================================================
Received Import Request.
  Time since last request: 30.012800 seconds.
  path: Assets/Scripts/CameraController.cs
  artifactKey: Guid(9a2c03fa4345ea94392b92d67c60a87e) Importer(815301076,1909f56bfc062723c751e8b465ee728b)
Start importing Assets/Scripts/CameraController.cs using Guid(9a2c03fa4345ea94392b92d67c60a87e) Importer(815301076,1909f56bfc062723c751e8b465ee728b)  -> (artifact id: '8ee2bcd91192388e6e614e0f1c8ac63e') in 0.003121 seconds
  Import took 0.004657 seconds .

========================================================================
Received Prepare
Registering precompiled user dll's ...
Registered in 0.000399 seconds.
Begin MonoManager ReloadAssembly
Native extension for WindowsStandalone target not found
Native extension for WebGL target not found
Refreshing native plugins compatible for Editor in 0.19 ms, found 0 plugins.
Preloading 0 native plugins for Editor in 0.00 ms.
Mono: successfully reloaded assembly
- Completed reload, in  0.500 seconds
Platform modules already initialized, skipping
Refreshing native plugins compatible for Editor in 0.18 ms, found 0 plugins.
Preloading 0 native plugins for Editor in 0.00 ms.
Unloading 1120 Unused Serialized files (Serialized files now loaded: 0)
System memory in use before: 69.9 MB.
System memory in use after: 70.0 MB.

Unloading 5 unused Assets to reduce memory usage. Loaded Objects now: 1604.
Total: 1.448600 ms (FindLiveObjects: 0.112400 ms CreateObjectMapping: 0.034300 ms MarkObjects: 1.256500 ms  DeleteObjects: 0.044700 ms)

========================================================================
Received Import Request.
  Time since last request: 33.259053 seconds.
  path: Assets/Scripts/CameraController.cs
  artifactKey: Guid(9a2c03fa4345ea94392b92d67c60a87e) Importer(815301076,1909f56bfc062723c751e8b465ee728b)
Start importing Assets/Scripts/CameraController.cs using Guid(9a2c03fa4345ea94392b92d67c60a87e) Importer(815301076,1909f56bfc062723c751e8b465ee728b)  -> (artifact id: '7bb8e765a1a252e6b821d50a94170eaf') in 0.003276 seconds
  Import took 0.004657 seconds .

========================================================================
Received Prepare
Registering precompiled user dll's ...
Registered in 0.000392 seconds.
Begin MonoManager ReloadAssembly
Native extension for WindowsStandalone target not found
Native extension for WebGL target not found
Refreshing native plugins compatible for Editor in 0.19 ms, found 0 plugins.
Preloading 0 native plugins for Editor in 0.00 ms.
Mono: successfully reloaded assembly
- Completed reload, in  0.493 seconds
Platform modules already initialized, skipping
Refreshing native plugins compatible for Editor in 0.19 ms, found 0 plugins.
Preloading 0 native plugins for Editor in 0.00 ms.
Unloading 1120 Unused Serialized files (Serialized files now loaded: 0)
System memory in use before: 70.0 MB.
System memory in use after: 70.0 MB.

Unloading 5 unused Assets to reduce memory usage. Loaded Objects now: 1607.
Total: 1.429500 ms (FindLiveObjects: 0.117600 ms CreateObjectMapping: 0.031800 ms MarkObjects: 1.223300 ms  DeleteObjects: 0.056100 ms)

========================================================================
Received Prepare
Registering precompiled user dll's ...
Registered in 0.000397 seconds.
Begin MonoManager ReloadAssembly
Native extension for WindowsStandalone target not found
Native extension for WebGL target not found
Refreshing native plugins compatible for Editor in 0.19 ms, found 0 plugins.
Preloading 0 native plugins for Editor in 0.00 ms.
Mono: successfully reloaded assembly
- Completed reload, in  0.477 seconds
Platform modules already initialized, skipping
Refreshing native plugins compatible for Editor in 0.18 ms, found 0 plugins.
Preloading 0 native plugins for Editor in 0.00 ms.
Unloading 1120 Unused Serialized files (Serialized files now loaded: 0)
System memory in use before: 70.0 MB.
System memory in use after: 70.0 MB.

Unloading 5 unused Assets to reduce memory usage. Loaded Objects now: 1610.
Total: 1.671100 ms (FindLiveObjects: 0.163700 ms CreateObjectMapping: 0.043200 ms MarkObjects: 1.412700 ms  DeleteObjects: 0.050800 ms)

========================================================================
Received Prepare
Registering precompiled user dll's ...
Registered in 0.000372 seconds.
Begin MonoManager ReloadAssembly
Native extension for WindowsStandalone target not found
Native extension for WebGL target not found
Refreshing native plugins compatible for Editor in 0.19 ms, found 0 plugins.
Preloading 0 native plugins for Editor in 0.00 ms.
Mono: successfully reloaded assembly
- Completed reload, in  0.487 seconds
Platform modules already initialized, skipping
Refreshing native plugins compatible for Editor in 0.18 ms, found 0 plugins.
Preloading 0 native plugins for Editor in 0.00 ms.
Unloading 1121 Unused Serialized files (Serialized files now loaded: 0)
System memory in use before: 70.0 MB.
System memory in use after: 70.1 MB.

Unloading 5 unused Assets to reduce memory usage. Loaded Objects now: 1614.
Total: 1.374400 ms (FindLiveObjects: 0.129700 ms CreateObjectMapping: 0.035600 ms MarkObjects: 1.159800 ms  DeleteObjects: 0.048300 ms)

========================================================================
Received Import Request.
  Time since last request: 955.148506 seconds.
  path: Assets/Scripts/MouseOrbit.cs
  artifactKey: Guid(fe861a4a784470c4ebb9c9757831b89d) Importer(815301076,1909f56bfc062723c751e8b465ee728b)
Start importing Assets/Scripts/MouseOrbit.cs using Guid(fe861a4a784470c4ebb9c9757831b89d) Importer(815301076,1909f56bfc062723c751e8b465ee728b)  -> (artifact id: 'a84eb36cdda592aa22bbe830ac8e71f2') in 0.003338 seconds
  Import took 0.004755 seconds .

========================================================================
Received Import Request.
  Time since last request: 14.280235 seconds.
  path: Assets/Scripts/MouseOrbit.cs
  artifactKey: Guid(fe861a4a784470c4ebb9c9757831b89d) Importer(815301076,1909f56bfc062723c751e8b465ee728b)
Start importing Assets/Scripts/MouseOrbit.cs using Guid(fe861a4a784470c4ebb9c9757831b89d) Importer(815301076,1909f56bfc062723c751e8b465ee728b)  -> (artifact id: '6ca50e1c85a391539ed564df0433dd00') in 0.001661 seconds
  Import took 0.003238 seconds .

========================================================================
Received Import Request.
  Time since last request: 11.253064 seconds.
  path: Assets/Scripts/MouseOrbit.cs
  artifactKey: Guid(fe861a4a784470c4ebb9c9757831b89d) Importer(815301076,1909f56bfc062723c751e8b465ee728b)
Start importing Assets/Scripts/MouseOrbit.cs using Guid(fe861a4a784470c4ebb9c9757831b89d) Importer(815301076,1909f56bfc062723c751e8b465ee728b)  -> (artifact id: '769b72f884d825652eb83904527c57a5') in 0.001653 seconds
  Import took 0.003093 seconds .

========================================================================
Received Prepare
Registering precompiled user dll's ...
Registered in 0.000387 seconds.
Begin MonoManager ReloadAssembly
Native extension for WindowsStandalone target not found
Native extension for WebGL target not found
Refreshing native plugins compatible for Editor in 0.19 ms, found 0 plugins.
Preloading 0 native plugins for Editor in 0.00 ms.
Mono: successfully reloaded assembly
- Completed reload, in  0.472 seconds
Platform modules already initialized, skipping
Refreshing native plugins compatible for Editor in 0.18 ms, found 0 plugins.
Preloading 0 native plugins for Editor in 0.00 ms.
Unloading 1121 Unused Serialized files (Serialized files now loaded: 0)
System memory in use before: 70.0 MB.
System memory in use after: 70.1 MB.

Unloading 5 unused Assets to reduce memory usage. Loaded Objects now: 1617.
Total: 1.597500 ms (FindLiveObjects: 0.178500 ms CreateObjectMapping: 0.044200 ms MarkObjects: 1.321700 ms  DeleteObjects: 0.052400 ms)

========================================================================
Received Import Request.
  Time since last request: 35.259937 seconds.
  path: Assets/Scripts/MouseOrbit.cs
  artifactKey: Guid(fe861a4a784470c4ebb9c9757831b89d) Importer(815301076,1909f56bfc062723c751e8b465ee728b)
Start importing Assets/Scripts/MouseOrbit.cs using Guid(fe861a4a784470c4ebb9c9757831b89d) Importer(815301076,1909f56bfc062723c751e8b465ee728b)  -> (artifact id: 'e5f9b0613ba8df91c92687389caa1f5f') in 0.003201 seconds
  Import took 0.004674 seconds .

========================================================================
Received Prepare
Registering precompiled user dll's ...
Registered in 0.000455 seconds.
Begin MonoManager ReloadAssembly
Native extension for WindowsStandalone target not found
Native extension for WebGL target not found
Refreshing native plugins compatible for Editor in 0.22 ms, found 0 plugins.
Preloading 0 native plugins for Editor in 0.00 ms.
Mono: successfully reloaded assembly
- Completed reload, in  0.473 seconds
Platform modules already initialized, skipping
Refreshing native plugins compatible for Editor in 0.18 ms, found 0 plugins.
Preloading 0 native plugins for Editor in 0.00 ms.
Unloading 1121 Unused Serialized files (Serialized files now loaded: 0)
System memory in use before: 70.0 MB.
System memory in use after: 70.1 MB.

Unloading 5 unused Assets to reduce memory usage. Loaded Objects now: 1620.
Total: 1.292000 ms (FindLiveObjects: 0.113100 ms CreateObjectMapping: 0.028300 ms MarkObjects: 1.100100 ms  DeleteObjects: 0.049800 ms)

========================================================================
Received Import Request.
  Time since last request: 224.277245 seconds.
  path: Assets/Scripts/Domino_Camera.cs
  artifactKey: Guid(53710fc6fa5ebfd4b8003add43e4872e) Importer(815301076,1909f56bfc062723c751e8b465ee728b)
Start importing Assets/Scripts/Domino_Camera.cs using Guid(53710fc6fa5ebfd4b8003add43e4872e) Importer(815301076,1909f56bfc062723c751e8b465ee728b)  -> (artifact id: '5db30a05e8779792390e4512820e0c98') in 0.007548 seconds
  Import took 0.009026 seconds .

========================================================================
Received Prepare
Registering precompiled user dll's ...
Registered in 0.000409 seconds.
Begin MonoManager ReloadAssembly
Native extension for WindowsStandalone target not found
Native extension for WebGL target not found
Refreshing native plugins compatible for Editor in 0.22 ms, found 0 plugins.
Preloading 0 native plugins for Editor in 0.00 ms.
Mono: successfully reloaded assembly
- Completed reload, in  0.522 seconds
Platform modules already initialized, skipping
Refreshing native plugins compatible for Editor in 0.19 ms, found 0 plugins.
Preloading 0 native plugins for Editor in 0.00 ms.
Unloading 1121 Unused Serialized files (Serialized files now loaded: 0)
System memory in use before: 70.0 MB.
System memory in use after: 70.1 MB.

Unloading 5 unused Assets to reduce memory usage. Loaded Objects now: 1623.
Total: 1.588000 ms (FindLiveObjects: 0.165700 ms CreateObjectMapping: 0.043700 ms MarkObjects: 1.307400 ms  DeleteObjects: 0.070300 ms)

========================================================================
Received Prepare
Registering precompiled user dll's ...
Registered in 0.000413 seconds.
Begin MonoManager ReloadAssembly
Native extension for WindowsStandalone target not found
Native extension for WebGL target not found
Refreshing native plugins compatible for Editor in 0.19 ms, found 0 plugins.
Preloading 0 native plugins for Editor in 0.00 ms.
Mono: successfully reloaded assembly
- Completed reload, in  0.468 seconds
Platform modules already initialized, skipping
Refreshing native plugins compatible for Editor in 0.19 ms, found 0 plugins.
Preloading 0 native plugins for Editor in 0.00 ms.
Unloading 1121 Unused Serialized files (Serialized files now loaded: 0)
System memory in use before: 70.0 MB.
System memory in use after: 70.1 MB.

Unloading 5 unused Assets to reduce memory usage. Loaded Objects now: 1626.
Total: 1.436100 ms (FindLiveObjects: 0.125600 ms CreateObjectMapping: 0.037600 ms MarkObjects: 1.220200 ms  DeleteObjects: 0.052000 ms)

========================================================================
Received Import Request.
  Time since last request: 266.956100 seconds.
  path: Assets/Material/ball.mat
  artifactKey: Guid(32edb9564a62b6c4d8b7693225c274b8) Importer(815301076,1909f56bfc062723c751e8b465ee728b)
Start importing Assets/Material/ball.mat using Guid(32edb9564a62b6c4d8b7693225c274b8) Importer(815301076,1909f56bfc062723c751e8b465ee728b)  -> (artifact id: '1b223955a489ad0801af6d334ef31e05') in 0.064016 seconds
  Import took 0.065757 seconds .

========================================================================
Received Import Request.
  Time since last request: 0.000154 seconds.
  path: Assets/Material/Coin.mat
  artifactKey: Guid(9c961b3feede5954599d39217d5869a5) Importer(815301076,1909f56bfc062723c751e8b465ee728b)
Start importing Assets/Material/Coin.mat using Guid(9c961b3feede5954599d39217d5869a5) Importer(815301076,1909f56bfc062723c751e8b465ee728b)  -> (artifact id: 'f6af59e19a38807d60cbca4de796969e') in 0.010511 seconds
  Import took 0.011934 seconds .

========================================================================
Received Import Request.
  Time since last request: 122.394477 seconds.
  path: Assets/Scripts/Teleport Effect.cs
  artifactKey: Guid(a889365d17f5acc438f6fa559732b17f) Importer(815301076,1909f56bfc062723c751e8b465ee728b)
Start importing Assets/Scripts/Teleport Effect.cs using Guid(a889365d17f5acc438f6fa559732b17f) Importer(815301076,1909f56bfc062723c751e8b465ee728b)  -> (artifact id: '3f8a34df18b95bd5c3edde9d675bda79') in 0.005249 seconds
  Import took 0.006983 seconds .

========================================================================
Received Import Request.
  Time since last request: 0.000145 seconds.
  path: Assets/Scripts/Teleport Effect.cs
  artifactKey: Guid(a889365d17f5acc438f6fa559732b17f) Importer(815301076,1909f56bfc062723c751e8b465ee728b)
Start importing Assets/Scripts/Teleport Effect.cs using Guid(a889365d17f5acc438f6fa559732b17f) Importer(815301076,1909f56bfc062723c751e8b465ee728b)  -> (artifact id: '3f8a34df18b95bd5c3edde9d675bda79') in 0.001433 seconds
  Import took 0.002938 seconds .

========================================================================
Received Prepare
Registering precompiled user dll's ...
Registered in 0.000532 seconds.
Begin MonoManager ReloadAssembly
Native extension for WindowsStandalone target not found
Native extension for WebGL target not found
Refreshing native plugins compatible for Editor in 0.19 ms, found 0 plugins.
Preloading 0 native plugins for Editor in 0.00 ms.
Mono: successfully reloaded assembly
- Completed reload, in  0.479 seconds
Platform modules already initialized, skipping
Refreshing native plugins compatible for Editor in 0.18 ms, found 0 plugins.
Preloading 0 native plugins for Editor in 0.00 ms.
Unloading 1122 Unused Serialized files (Serialized files now loaded: 0)
System memory in use before: 73.3 MB.
System memory in use after: 73.4 MB.

Unloading 5 unused Assets to reduce memory usage. Loaded Objects now: 1669.
Total: 1.429400 ms (FindLiveObjects: 0.114300 ms CreateObjectMapping: 0.032900 ms MarkObjects: 1.235900 ms  DeleteObjects: 0.045600 ms)

========================================================================
Received Import Request.
  Time since last request: 158.491111 seconds.
  path: Assets/Scripts/Teleport Effect.cs
  artifactKey: Guid(a889365d17f5acc438f6fa559732b17f) Importer(815301076,1909f56bfc062723c751e8b465ee728b)
Start importing Assets/Scripts/Teleport Effect.cs using Guid(a889365d17f5acc438f6fa559732b17f) Importer(815301076,1909f56bfc062723c751e8b465ee728b)  -> (artifact id: 'e6cf559c5967df9bd3df3465aaaec497') in 0.003226 seconds
  Import took 0.005178 seconds .

========================================================================
Received Import Request.
  Time since last request: 8.798479 seconds.
  path: Assets/Scripts/Teleport Effect.cs
  artifactKey: Guid(a889365d17f5acc438f6fa559732b17f) Importer(815301076,1909f56bfc062723c751e8b465ee728b)
Start importing Assets/Scripts/Teleport Effect.cs using Guid(a889365d17f5acc438f6fa559732b17f) Importer(815301076,1909f56bfc062723c751e8b465ee728b)  -> (artifact id: '51644ec5a993c68a953e14eb8165895d') in 0.001910 seconds
  Import took 0.003509 seconds .

========================================================================
Received Prepare
Registering precompiled user dll's ...
Registered in 0.000437 seconds.
Begin MonoManager ReloadAssembly
Native extension for WindowsStandalone target not found
Native extension for WebGL target not found
Refreshing native plugins compatible for Editor in 0.19 ms, found 0 plugins.
Preloading 0 native plugins for Editor in 0.00 ms.
Mono: successfully reloaded assembly
- Completed reload, in  0.491 seconds
Platform modules already initialized, skipping
Refreshing native plugins compatible for Editor in 0.19 ms, found 0 plugins.
Preloading 0 native plugins for Editor in 0.00 ms.
Unloading 1122 Unused Serialized files (Serialized files now loaded: 0)
System memory in use before: 73.3 MB.
System memory in use after: 73.4 MB.

Unloading 5 unused Assets to reduce memory usage. Loaded Objects now: 1672.
Total: 1.619400 ms (FindLiveObjects: 0.169100 ms CreateObjectMapping: 0.041000 ms MarkObjects: 1.354200 ms  DeleteObjects: 0.054600 ms)

========================================================================
Received Import Request.
  Time since last request: 22.100193 seconds.
  path: Assets/Scripts/Teleport Effect.cs
  artifactKey: Guid(a889365d17f5acc438f6fa559732b17f) Importer(815301076,1909f56bfc062723c751e8b465ee728b)
Start importing Assets/Scripts/Teleport Effect.cs using Guid(a889365d17f5acc438f6fa559732b17f) Importer(815301076,1909f56bfc062723c751e8b465ee728b)  -> (artifact id: 'b39d8b88da85ac6f39b21722c5318f17') in 0.002872 seconds
  Import took 0.004254 seconds .

========================================================================
Received Prepare
Registering precompiled user dll's ...
Registered in 0.000362 seconds.
Begin MonoManager ReloadAssembly
Native extension for WindowsStandalone target not found
Native extension for WebGL target not found
Refreshing native plugins compatible for Editor in 0.20 ms, found 0 plugins.
Preloading 0 native plugins for Editor in 0.00 ms.
Mono: successfully reloaded assembly
- Completed reload, in  0.495 seconds
Platform modules already initialized, skipping
Refreshing native plugins compatible for Editor in 0.20 ms, found 0 plugins.
Preloading 0 native plugins for Editor in 0.00 ms.
Unloading 1127 Unused Serialized files (Serialized files now loaded: 0)
System memory in use before: 73.5 MB.
System memory in use after: 73.5 MB.

Unloading 5 unused Assets to reduce memory usage. Loaded Objects now: 1680.
Total: 1.345200 ms (FindLiveObjects: 0.131500 ms CreateObjectMapping: 0.043800 ms MarkObjects: 1.121200 ms  DeleteObjects: 0.047900 ms)

========================================================================
Received Import Request.
  Time since last request: 292.064182 seconds.
  path: Assets/48 Particle Effect Pack/Effect
  artifactKey: Guid(3f0fe9a801da76149abfb17a97d76c76) Importer(815301076,1909f56bfc062723c751e8b465ee728b)
Start importing Assets/48 Particle Effect Pack/Effect using Guid(3f0fe9a801da76149abfb17a97d76c76) Importer(815301076,1909f56bfc062723c751e8b465ee728b)  -> (artifact id: '6e8c11a42a1c7338da00d440386089d6') in 0.006187 seconds
  Import took 0.007862 seconds .

========================================================================
Received Import Request.
  Time since last request: 0.033665 seconds.
  path: Assets/48 Particle Effect Pack/Effect/Ball.prefab
  artifactKey: Guid(f1fca55934f274a4b9c8fd316d61e964) Importer(815301076,1909f56bfc062723c751e8b465ee728b)
Start importing Assets/48 Particle Effect Pack/Effect/Ball.prefab using Guid(f1fca55934f274a4b9c8fd316d61e964) Importer(815301076,1909f56bfc062723c751e8b465ee728b)  -> (artifact id: 'd201fc7eb5340b44363117163e584806') in 0.019653 seconds
  Import took 0.021397 seconds .

========================================================================
Received Import Request.
  Time since last request: 0.000110 seconds.
  path: Assets/48 Particle Effect Pack/Effect/Explosion8.prefab
  artifactKey: Guid(53d301af6d66cf94497e9fcec3cb6699) Importer(815301076,1909f56bfc062723c751e8b465ee728b)
Start importing Assets/48 Particle Effect Pack/Effect/Explosion8.prefab using Guid(53d301af6d66cf94497e9fcec3cb6699) Importer(815301076,1909f56bfc062723c751e8b465ee728b)  -> (artifact id: '2a22c687343f1c7bca6f7bbd6aa7d0e2') in 0.007318 seconds
  Import took 0.008872 seconds .

========================================================================
Received Import Request.
  Time since last request: 0.000099 seconds.
  path: Assets/48 Particle Effect Pack/Effect/LightningState3.prefab
  artifactKey: Guid(58f9ce12da61d134080b5256eda98191) Importer(815301076,1909f56bfc062723c751e8b465ee728b)
Start importing Assets/48 Particle Effect Pack/Effect/LightningState3.prefab using Guid(58f9ce12da61d134080b5256eda98191) Importer(815301076,1909f56bfc062723c751e8b465ee728b)  -> (artifact id: 'ec254e2656a04e3c435232e8edbb698e') in 0.003307 seconds
  Import took 0.004685 seconds .

========================================================================
Received Import Request.
  Time since last request: 0.000091 seconds.
  path: Assets/48 Particle Effect Pack/Effect/Explosion.prefab
  artifactKey: Guid(f881607407b15cc46b24d6bda799037a) Importer(815301076,1909f56bfc062723c751e8b465ee728b)
Start importing Assets/48 Particle Effect Pack/Effect/Explosion.prefab using Guid(f881607407b15cc46b24d6bda799037a) Importer(815301076,1909f56bfc062723c751e8b465ee728b)  -> (artifact id: '7ef41f468801739494a929753a8ef3f5') in 0.003259 seconds
  Import took 0.004502 seconds .

========================================================================
Received Import Request.
  Time since last request: 0.000091 seconds.
  path: Assets/48 Particle Effect Pack/Effect/FireBall2.prefab
  artifactKey: Guid(973eb0a45c837fd46993e1f277f5dacf) Importer(815301076,1909f56bfc062723c751e8b465ee728b)
Start importing Assets/48 Particle Effect Pack/Effect/FireBall2.prefab using Guid(973eb0a45c837fd46993e1f277f5dacf) Importer(815301076,1909f56bfc062723c751e8b465ee728b)  -> (artifact id: 'ba234c4c5a177732f352315050694b33') in 0.007589 seconds
  Import took 0.008974 seconds .

========================================================================
Received Import Request.
  Time since last request: 0.000101 seconds.
  path: Assets/48 Particle Effect Pack/Effect/LightningState.prefab
  artifactKey: Guid(7099a8c65c7533e4680b71bb8ce55c3d) Importer(815301076,1909f56bfc062723c751e8b465ee728b)
Start importing Assets/48 Particle Effect Pack/Effect/LightningState.prefab using Guid(7099a8c65c7533e4680b71bb8ce55c3d) Importer(815301076,1909f56bfc062723c751e8b465ee728b)  -> (artifact id: 'ed68d2337cf49f0bc5f085a8158acc7f') in 0.003096 seconds
  Import took 0.004268 seconds .

========================================================================
Received Import Request.
  Time since last request: 0.000082 seconds.
  path: Assets/48 Particle Effect Pack/Effect/SpirEmission.prefab
  artifactKey: Guid(13f5b71c9b5ee7f4db9fa2986c4fbb10) Importer(815301076,1909f56bfc062723c751e8b465ee728b)
Start importing Assets/48 Particle Effect Pack/Effect/SpirEmission.prefab using Guid(13f5b71c9b5ee7f4db9fa2986c4fbb10) Importer(815301076,1909f56bfc062723c751e8b465ee728b)  -> (artifact id: 'b99b9d8883203e3ff6630df0a8cb3814') in 0.003231 seconds
  Import took 0.004386 seconds .

========================================================================
Received Import Request.
  Time since last request: 0.000093 seconds.
  path: Assets/48 Particle Effect Pack/Effect/FantasySun.prefab
  artifactKey: Guid(0dc8a41118815f049b519e777f0eb41e) Importer(815301076,1909f56bfc062723c751e8b465ee728b)
Start importing Assets/48 Particle Effect Pack/Effect/FantasySun.prefab using Guid(0dc8a41118815f049b519e777f0eb41e) Importer(815301076,1909f56bfc062723c751e8b465ee728b)  -> (artifact id: '6e85420bf73f46f80bd9f2eccdc0fef5') in 0.007792 seconds
  Import took 0.009287 seconds .

========================================================================
Received Import Request.
  Time since last request: 0.000097 seconds.
  path: Assets/48 Particle Effect Pack/Effect/Sparking2.prefab
  artifactKey: Guid(50f1c35dedf5eb940a3ee61713626364) Importer(815301076,1909f56bfc062723c751e8b465ee728b)
Start importing Assets/48 Particle Effect Pack/Effect/Sparking2.prefab using Guid(50f1c35dedf5eb940a3ee61713626364) Importer(815301076,1909f56bfc062723c751e8b465ee728b)  -> (artifact id: '79cd1d2d587489b5267ac3d7b28231fd') in 0.003092 seconds
  Import took 0.004370 seconds .

========================================================================
Received Import Request.
  Time since last request: 0.000100 seconds.
  path: Assets/48 Particle Effect Pack/Effect/FireBall3.prefab
  artifactKey: Guid(0ffc584583b8c1541b3c2100725f6ab5) Importer(815301076,1909f56bfc062723c751e8b465ee728b)
Start importing Assets/48 Particle Effect Pack/Effect/FireBall3.prefab using Guid(0ffc584583b8c1541b3c2100725f6ab5) Importer(815301076,1909f56bfc062723c751e8b465ee728b)  -> (artifact id: '876ab766d012417cf9ca0f7176794424') in 0.003039 seconds
  Import took 0.004268 seconds .

========================================================================
Received Import Request.
  Time since last request: 0.000088 seconds.
  path: Assets/48 Particle Effect Pack/Effect/Flame2.prefab
  artifactKey: Guid(79ea71ffadab038428d7002939ad9077) Importer(815301076,1909f56bfc062723c751e8b465ee728b)
Start importing Assets/48 Particle Effect Pack/Effect/Flame2.prefab using Guid(79ea71ffadab038428d7002939ad9077) Importer(815301076,1909f56bfc062723c751e8b465ee728b)  -> (artifact id: '755471e20210563daed94a16a5dec127') in 0.008560 seconds
  Import took 0.009754 seconds .

========================================================================
Received Import Request.
  Time since last request: 0.000115 seconds.
  path: Assets/48 Particle Effect Pack/Effect/Explosion3.prefab
  artifactKey: Guid(3f1d919251d33ab45a23dc83a945d1da) Importer(815301076,1909f56bfc062723c751e8b465ee728b)
Start importing Assets/48 Particle Effect Pack/Effect/Explosion3.prefab using Guid(3f1d919251d33ab45a23dc83a945d1da) Importer(815301076,1909f56bfc062723c751e8b465ee728b)  -> (artifact id: 'c62ecb797c3b09ccd082ed27ae691f36') in 0.003871 seconds
  Import took 0.005379 seconds .

========================================================================
Received Import Request.
  Time since last request: 0.000093 seconds.
  path: Assets/48 Particle Effect Pack/Effect/Laser bombardment3.prefab
  artifactKey: Guid(6422340191d2291478e7e4f77bbc5204) Importer(815301076,1909f56bfc062723c751e8b465ee728b)
Start importing Assets/48 Particle Effect Pack/Effect/Laser bombardment3.prefab using Guid(6422340191d2291478e7e4f77bbc5204) Importer(815301076,1909f56bfc062723c751e8b465ee728b)  -> (artifact id: 'f9c89bafc37b2e7f0e08edb2cf8d2b09') in 0.003170 seconds
  Import took 0.004385 seconds .

========================================================================
Received Import Request.
  Time since last request: 0.000087 seconds.
  path: Assets/48 Particle Effect Pack/Effect/Portal3.prefab
  artifactKey: Guid(06c8e33ce02e2224b964f44ee8004f9a) Importer(815301076,1909f56bfc062723c751e8b465ee728b)
Start importing Assets/48 Particle Effect Pack/Effect/Portal3.prefab using Guid(06c8e33ce02e2224b964f44ee8004f9a) Importer(815301076,1909f56bfc062723c751e8b465ee728b)  -> (artifact id: 'ea97a8c9a43bbf0c788eb179e9805289') in 0.007096 seconds
  Import took 0.008618 seconds .

========================================================================
Received Import Request.
  Time since last request: 0.000094 seconds.
  path: Assets/48 Particle Effect Pack/Effect/DarkBall2.prefab
  artifactKey: Guid(7a52d3ff698a7dc4dbc5f0152df3371a) Importer(815301076,1909f56bfc062723c751e8b465ee728b)
Start importing Assets/48 Particle Effect Pack/Effect/DarkBall2.prefab using Guid(7a52d3ff698a7dc4dbc5f0152df3371a) Importer(815301076,1909f56bfc062723c751e8b465ee728b)  -> (artifact id: 'bd8c112ee14615adc43b906e0e239546') in 0.005724 seconds
  Import took 0.007320 seconds .

========================================================================
Received Import Request.
  Time since last request: 0.000098 seconds.
  path: Assets/48 Particle Effect Pack/Effect/Portal.prefab
  artifactKey: Guid(a087aa2c7016d2042a3b744b2afc4fb0) Importer(815301076,1909f56bfc062723c751e8b465ee728b)
Start importing Assets/48 Particle Effect Pack/Effect/Portal.prefab using Guid(a087aa2c7016d2042a3b744b2afc4fb0) Importer(815301076,1909f56bfc062723c751e8b465ee728b)  -> (artifact id: '72b522de3ed95c3e1d58ce6da7a25018') in 0.006124 seconds
  Import took 0.007478 seconds .

========================================================================
Received Import Request.
  Time since last request: 0.000093 seconds.
  path: Assets/48 Particle Effect Pack/Effect/Snow.prefab
  artifactKey: Guid(5124dc2491c482e45ac7dd914d77ddc6) Importer(815301076,1909f56bfc062723c751e8b465ee728b)
Start importing Assets/48 Particle Effect Pack/Effect/Snow.prefab using Guid(5124dc2491c482e45ac7dd914d77ddc6) Importer(815301076,1909f56bfc062723c751e8b465ee728b)  -> (artifact id: '642e5c4388ab641f9d635d9627209ec7') in 0.003112 seconds
  Import took 0.004314 seconds .

========================================================================
Received Import Request.
  Time since last request: 0.000086 seconds.
  path: Assets/48 Particle Effect Pack/Effect/Explosion7.prefab
  artifactKey: Guid(f99757c3449090646b2e54da3138946a) Importer(815301076,1909f56bfc062723c751e8b465ee728b)
Start importing Assets/48 Particle Effect Pack/Effect/Explosion7.prefab using Guid(f99757c3449090646b2e54da3138946a) Importer(815301076,1909f56bfc062723c751e8b465ee728b)  -> (artifact id: 'e03fecaad03fbd438d002136cfba0c60') in 0.002905 seconds
  Import took 0.004043 seconds .

========================================================================
Received Import Request.
  Time since last request: 0.000081 seconds.
  path: Assets/48 Particle Effect Pack/Effect/GreemPlame.prefab
  artifactKey: Guid(2fdab942587233e42ad5de42efdc56af) Importer(815301076,1909f56bfc062723c751e8b465ee728b)
Start importing Assets/48 Particle Effect Pack/Effect/GreemPlame.prefab using Guid(2fdab942587233e42ad5de42efdc56af) Importer(815301076,1909f56bfc062723c751e8b465ee728b)  -> (artifact id: '0505d3d9bf6a7057e798f2af1ccebec1') in 0.003139 seconds
  Import took 0.004215 seconds .

========================================================================
Received Import Request.
  Time since last request: 0.000087 seconds.
  path: Assets/48 Particle Effect Pack/Effect/Cube.prefab
  artifactKey: Guid(417d95259df90e4488eb927fde45cba3) Importer(815301076,1909f56bfc062723c751e8b465ee728b)
Start importing Assets/48 Particle Effect Pack/Effect/Cube.prefab using Guid(417d95259df90e4488eb927fde45cba3) Importer(815301076,1909f56bfc062723c751e8b465ee728b)  -> (artifact id: 'c9ffec84c0ce617fbff4b5b504a016b4') in 0.005505 seconds
  Import took 0.006812 seconds .

========================================================================
Received Import Request.
  Time since last request: 0.000092 seconds.
  path: Assets/48 Particle Effect Pack/Effect/FantasyEffect.prefab
  artifactKey: Guid(958065eadd2de834cba095e936840ab9) Importer(815301076,1909f56bfc062723c751e8b465ee728b)
Start importing Assets/48 Particle Effect Pack/Effect/FantasyEffect.prefab using Guid(958065eadd2de834cba095e936840ab9) Importer(815301076,1909f56bfc062723c751e8b465ee728b)  -> (artifact id: 'fe86d0ac85b27e43371f8a8c06aa9b70') in 0.003393 seconds
  Import took 0.004501 seconds .

========================================================================
Received Import Request.
  Time since last request: 0.000084 seconds.
  path: Assets/48 Particle Effect Pack/Effect/Explosion4.prefab
  artifactKey: Guid(1b0efe600cd9bcd48ae21ef3dffffff8) Importer(815301076,1909f56bfc062723c751e8b465ee728b)
Start importing Assets/48 Particle Effect Pack/Effect/Explosion4.prefab using Guid(1b0efe600cd9bcd48ae21ef3dffffff8) Importer(815301076,1909f56bfc062723c751e8b465ee728b)  -> (artifact id: '30f605828c2d81da59fb3ba19713ee3f') in 0.003106 seconds
  Import took 0.004404 seconds .

========================================================================
Received Import Request.
  Time since last request: 0.000096 seconds.
  path: Assets/48 Particle Effect Pack/Effect/LightningBall2.prefab
  artifactKey: Guid(d667c498c736d054fbe9373c25331986) Importer(815301076,1909f56bfc062723c751e8b465ee728b)
Start importing Assets/48 Particle Effect Pack/Effect/LightningBall2.prefab using Guid(d667c498c736d054fbe9373c25331986) Importer(815301076,1909f56bfc062723c751e8b465ee728b)  -> (artifact id: 'af2fd4a9ab692d8c39dbba2b8d48f805') in 0.005722 seconds
  Import took 0.006998 seconds .

========================================================================
Received Import Request.
  Time since last request: 0.000096 seconds.
  path: Assets/48 Particle Effect Pack/Effect/Smoke.prefab
  artifactKey: Guid(ac8564998262ae240850396a05244d72) Importer(815301076,1909f56bfc062723c751e8b465ee728b)
Start importing Assets/48 Particle Effect Pack/Effect/Smoke.prefab using Guid(ac8564998262ae240850396a05244d72) Importer(815301076,1909f56bfc062723c751e8b465ee728b)  -> (artifact id: 'da92fad5b312e446cb4e6ab7c9731d39') in 0.002900 seconds
  Import took 0.004032 seconds .

========================================================================
Received Import Request.
  Time since last request: 0.000090 seconds.
  path: Assets/48 Particle Effect Pack/Effect/Sparking.prefab
  artifactKey: Guid(96536afb634b32043bb988d4576053d3) Importer(815301076,1909f56bfc062723c751e8b465ee728b)
Start importing Assets/48 Particle Effect Pack/Effect/Sparking.prefab using Guid(96536afb634b32043bb988d4576053d3) Importer(815301076,1909f56bfc062723c751e8b465ee728b)  -> (artifact id: 'fc47df4afcc0878b865d1a3c9d721e1c') in 0.003149 seconds
  Import took 0.004261 seconds .

========================================================================
Received Import Request.
  Time since last request: 0.000082 seconds.
  path: Assets/48 Particle Effect Pack/Effect/FireBall.prefab
  artifactKey: Guid(a590c04abd57be544b50a1b51a6674ac) Importer(815301076,1909f56bfc062723c751e8b465ee728b)
Start importing Assets/48 Particle Effect Pack/Effect/FireBall.prefab using Guid(a590c04abd57be544b50a1b51a6674ac) Importer(815301076,1909f56bfc062723c751e8b465ee728b)  -> (artifact id: '0c04f08070ee39ec6fb54f9196e35222') in 0.003071 seconds
  Import took 0.004143 seconds .

========================================================================
Received Import Request.
  Time since last request: 0.000086 seconds.
  path: Assets/48 Particle Effect Pack/Effect/FantasySun2.prefab
  artifactKey: Guid(7676f997c96af1442b54560bff6edaee) Importer(815301076,1909f56bfc062723c751e8b465ee728b)
Start importing Assets/48 Particle Effect Pack/Effect/FantasySun2.prefab using Guid(7676f997c96af1442b54560bff6edaee) Importer(815301076,1909f56bfc062723c751e8b465ee728b)  -> (artifact id: '711a897ebf27d7890b629dc707b0a2ef') in 0.002940 seconds
  Import took 0.003955 seconds .

========================================================================
Received Import Request.
  Time since last request: 0.000088 seconds.
  path: Assets/48 Particle Effect Pack/Effect/Explosion9.prefab
  artifactKey: Guid(10b506478f435cf4ca5bbcf982c59f08) Importer(815301076,1909f56bfc062723c751e8b465ee728b)
Start importing Assets/48 Particle Effect Pack/Effect/Explosion9.prefab using Guid(10b506478f435cf4ca5bbcf982c59f08) Importer(815301076,1909f56bfc062723c751e8b465ee728b)  -> (artifact id: '7fb17d3fe6a12e83784703a17805dbc8') in 0.002699 seconds
  Import took 0.003760 seconds .

========================================================================
Received Import Request.
  Time since last request: 0.000083 seconds.
  path: Assets/48 Particle Effect Pack/Effect/Hole.prefab
  artifactKey: Guid(5372b37f496b28548942cf8e99afeb2e) Importer(815301076,1909f56bfc062723c751e8b465ee728b)
Start importing Assets/48 Particle Effect Pack/Effect/Hole.prefab using Guid(5372b37f496b28548942cf8e99afeb2e) Importer(815301076,1909f56bfc062723c751e8b465ee728b)  -> (artifact id: 'd26926954957b9e88cf88d07a405d416') in 0.002786 seconds
  Import took 0.003926 seconds .

========================================================================
Received Import Request.
  Time since last request: 0.000086 seconds.
  path: Assets/48 Particle Effect Pack/Effect/DarkBall.prefab
  artifactKey: Guid(176790904455b214b92ac1cfd30fddc9) Importer(815301076,1909f56bfc062723c751e8b465ee728b)
Start importing Assets/48 Particle Effect Pack/Effect/DarkBall.prefab using Guid(176790904455b214b92ac1cfd30fddc9) Importer(815301076,1909f56bfc062723c751e8b465ee728b)  -> (artifact id: '17e4420fe19c458aa758cc575c4ce6ed') in 0.002984 seconds
  Import took 0.004116 seconds .

========================================================================
Received Import Request.
  Time since last request: 0.000079 seconds.
  path: Assets/48 Particle Effect Pack/Effect/LightningCloud.prefab
  artifactKey: Guid(a4af0d82b00381c48bc30b65c57ba3f8) Importer(815301076,1909f56bfc062723c751e8b465ee728b)
Start importing Assets/48 Particle Effect Pack/Effect/LightningCloud.prefab using Guid(a4af0d82b00381c48bc30b65c57ba3f8) Importer(815301076,1909f56bfc062723c751e8b465ee728b)  -> (artifact id: 'cb7a7576c79847f5b3a3682575713526') in 0.005509 seconds
  Import took 0.006596 seconds .

========================================================================
Received Import Request.
  Time since last request: 0.000103 seconds.
  path: Assets/48 Particle Effect Pack/Effect/Portal2.prefab
  artifactKey: Guid(0f158be916b4cb245ae87ffe75725147) Importer(815301076,1909f56bfc062723c751e8b465ee728b)
Start importing Assets/48 Particle Effect Pack/Effect/Portal2.prefab using Guid(0f158be916b4cb245ae87ffe75725147) Importer(815301076,1909f56bfc062723c751e8b465ee728b)  -> (artifact id: 'aa3c2ca357a80d05d83dea5fdb2d1607') in 0.003194 seconds
  Import took 0.004406 seconds .

========================================================================
Received Import Request.
  Time since last request: 0.000091 seconds.
  path: Assets/48 Particle Effect Pack/Effect/Laser bombardment.prefab
  artifactKey: Guid(41caabb81e9bb9f468feae7e763002e2) Importer(815301076,1909f56bfc062723c751e8b465ee728b)
Start importing Assets/48 Particle Effect Pack/Effect/Laser bombardment.prefab using Guid(41caabb81e9bb9f468feae7e763002e2) Importer(815301076,1909f56bfc062723c751e8b465ee728b)  -> (artifact id: '463322f1e211e7f5514fbba8a6488c87') in 0.003131 seconds
  Import took 0.004287 seconds .

========================================================================
Received Import Request.
  Time since last request: 0.000090 seconds.
  path: Assets/48 Particle Effect Pack/Effect/Buff.prefab
  artifactKey: Guid(a92a42a2125977345a54e9b8306b5880) Importer(815301076,1909f56bfc062723c751e8b465ee728b)
Start importing Assets/48 Particle Effect Pack/Effect/Buff.prefab using Guid(a92a42a2125977345a54e9b8306b5880) Importer(815301076,1909f56bfc062723c751e8b465ee728b)  -> (artifact id: '70e93e4d89fa1839c170a9544005a236') in 0.005333 seconds
  Import took 0.006482 seconds .

========================================================================
Received Import Request.
  Time since last request: 0.000098 seconds.
  path: Assets/48 Particle Effect Pack/Effect/Buff2.prefab
  artifactKey: Guid(68849d937b3285f4083f33a1dc4cd5ed) Importer(815301076,1909f56bfc062723c751e8b465ee728b)
Start importing Assets/48 Particle Effect Pack/Effect/Buff2.prefab using Guid(68849d937b3285f4083f33a1dc4cd5ed) Importer(815301076,1909f56bfc062723c751e8b465ee728b)  -> (artifact id: '9c865600f97fc0f3712b7dfb745f33f6') in 0.003333 seconds
  Import took 0.004436 seconds .

========================================================================
Received Import Request.
  Time since last request: 0.000087 seconds.
  path: Assets/48 Particle Effect Pack/Effect/LightningBall.prefab
  artifactKey: Guid(2c557f8333c64984790ab0461bed7113) Importer(815301076,1909f56bfc062723c751e8b465ee728b)
Start importing Assets/48 Particle Effect Pack/Effect/LightningBall.prefab using Guid(2c557f8333c64984790ab0461bed7113) Importer(815301076,1909f56bfc062723c751e8b465ee728b)  -> (artifact id: '74904902facf6960c71ef3562c1cad35') in 0.005834 seconds
  Import took 0.007285 seconds .

========================================================================
Received Import Request.
  Time since last request: 0.000093 seconds.
  path: Assets/48 Particle Effect Pack/Effect/Explosion5.prefab
  artifactKey: Guid(33384af7b24a0f14cb7bbf3b795f7a2b) Importer(815301076,1909f56bfc062723c751e8b465ee728b)
Start importing Assets/48 Particle Effect Pack/Effect/Explosion5.prefab using Guid(33384af7b24a0f14cb7bbf3b795f7a2b) Importer(815301076,1909f56bfc062723c751e8b465ee728b)  -> (artifact id: '1885548dfdb6760426849d5de12f5589') in 0.005336 seconds
  Import took 0.006510 seconds .

========================================================================
Received Import Request.
  Time since last request: 0.000087 seconds.
  path: Assets/48 Particle Effect Pack/Effect/LightningState2.prefab
  artifactKey: Guid(7c687a4414095c349a8ec5ac5f3cccb2) Importer(815301076,1909f56bfc062723c751e8b465ee728b)
Start importing Assets/48 Particle Effect Pack/Effect/LightningState2.prefab using Guid(7c687a4414095c349a8ec5ac5f3cccb2) Importer(815301076,1909f56bfc062723c751e8b465ee728b)  -> (artifact id: '50d0aa9c215ed84620c74cabe67c8b5a') in 0.003431 seconds
  Import took 0.004548 seconds .

========================================================================
Received Import Request.
  Time since last request: 0.000093 seconds.
  path: Assets/48 Particle Effect Pack/Effect/Poison.prefab
  artifactKey: Guid(2ffc588afbc8e364dad6109fe9ad7a54) Importer(815301076,1909f56bfc062723c751e8b465ee728b)
Start importing Assets/48 Particle Effect Pack/Effect/Poison.prefab using Guid(2ffc588afbc8e364dad6109fe9ad7a54) Importer(815301076,1909f56bfc062723c751e8b465ee728b)  -> (artifact id: 'c8f5b51edaa23376e0f47b2627885220') in 0.002938 seconds
  Import took 0.004150 seconds .

========================================================================
Received Import Request.
  Time since last request: 0.000085 seconds.
  path: Assets/48 Particle Effect Pack/Effect/Ball2.prefab
  artifactKey: Guid(10a7ec2a2783770419a38059c45ea8b3) Importer(815301076,1909f56bfc062723c751e8b465ee728b)
Start importing Assets/48 Particle Effect Pack/Effect/Ball2.prefab using Guid(10a7ec2a2783770419a38059c45ea8b3) Importer(815301076,1909f56bfc062723c751e8b465ee728b)  -> (artifact id: '8e2f904a76f4938e5b8d606f0934f7de') in 0.002926 seconds
  Import took 0.004079 seconds .

========================================================================
Received Import Request.
  Time since last request: 0.000090 seconds.
  path: Assets/48 Particle Effect Pack/Effect/Flame.prefab
  artifactKey: Guid(d205bba4d197a5f45a64abfcc6123c20) Importer(815301076,1909f56bfc062723c751e8b465ee728b)
Start importing Assets/48 Particle Effect Pack/Effect/Flame.prefab using Guid(d205bba4d197a5f45a64abfcc6123c20) Importer(815301076,1909f56bfc062723c751e8b465ee728b)  -> (artifact id: '2af6ee37963029f6e10a264d768a03d2') in 0.005684 seconds
  Import took 0.006881 seconds .

========================================================================
Received Import Request.
  Time since last request: 0.000082 seconds.
  path: Assets/48 Particle Effect Pack/Effect/FlameEmission.prefab
  artifactKey: Guid(e8ee802c71045d5478061ad7452d3b65) Importer(815301076,1909f56bfc062723c751e8b465ee728b)
Start importing Assets/48 Particle Effect Pack/Effect/FlameEmission.prefab using Guid(e8ee802c71045d5478061ad7452d3b65) Importer(815301076,1909f56bfc062723c751e8b465ee728b)  -> (artifact id: '967d2e8755392bc30c24d59fcb6b6bca') in 0.003351 seconds
  Import took 0.004566 seconds .

========================================================================
Received Import Request.
  Time since last request: 0.000089 seconds.
  path: Assets/48 Particle Effect Pack/Effect/Laser bombardment4.prefab
  artifactKey: Guid(ff9eb0a0f9983744eb282f0506ed5d7f) Importer(815301076,1909f56bfc062723c751e8b465ee728b)
Start importing Assets/48 Particle Effect Pack/Effect/Laser bombardment4.prefab using Guid(ff9eb0a0f9983744eb282f0506ed5d7f) Importer(815301076,1909f56bfc062723c751e8b465ee728b)  -> (artifact id: '64ad876d06dbe3554f19058e3b795477') in 0.005915 seconds
  Import took 0.007240 seconds .

========================================================================
Received Import Request.
  Time since last request: 0.000092 seconds.
  path: Assets/48 Particle Effect Pack/Effect/Laser bombardment2.prefab
  artifactKey: Guid(43cd9440a6b0f644dbf500837634ced5) Importer(815301076,1909f56bfc062723c751e8b465ee728b)
Start importing Assets/48 Particle Effect Pack/Effect/Laser bombardment2.prefab using Guid(43cd9440a6b0f644dbf500837634ced5) Importer(815301076,1909f56bfc062723c751e8b465ee728b)  -> (artifact id: '748c696837a16788cf8a28dde7ad0e6e') in 0.006165 seconds
  Import took 0.007557 seconds .

========================================================================
Received Import Request.
  Time since last request: 0.000094 seconds.
  path: Assets/48 Particle Effect Pack/Effect/Explosion2.prefab
  artifactKey: Guid(8b940ede2c20ec44ba870a2cdd277051) Importer(815301076,1909f56bfc062723c751e8b465ee728b)
Start importing Assets/48 Particle Effect Pack/Effect/Explosion2.prefab using Guid(8b940ede2c20ec44ba870a2cdd277051) Importer(815301076,1909f56bfc062723c751e8b465ee728b)  -> (artifact id: '0dc800eab33468cdbabca62ca11e2f3b') in 0.003185 seconds
  Import took 0.004439 seconds .

========================================================================
Received Import Request.
  Time since last request: 0.000092 seconds.
  path: Assets/48 Particle Effect Pack/Effect/Buff3.prefab
  artifactKey: Guid(4f1e87ee37fd9904b8aa23d71ab1b9a1) Importer(815301076,1909f56bfc062723c751e8b465ee728b)
Start importing Assets/48 Particle Effect Pack/Effect/Buff3.prefab using Guid(4f1e87ee37fd9904b8aa23d71ab1b9a1) Importer(815301076,1909f56bfc062723c751e8b465ee728b)  -> (artifact id: '461964d8b9dce36d955de407e3e003ca') in 0.003124 seconds
  Import took 0.004285 seconds .

========================================================================
Received Import Request.
  Time since last request: 0.000087 seconds.
  path: Assets/48 Particle Effect Pack/Effect/Explosion6.prefab
  artifactKey: Guid(f3613b78354895b469b7da1f0a90e686) Importer(815301076,1909f56bfc062723c751e8b465ee728b)
Start importing Assets/48 Particle Effect Pack/Effect/Explosion6.prefab using Guid(f3613b78354895b469b7da1f0a90e686) Importer(815301076,1909f56bfc062723c751e8b465ee728b)  -> (artifact id: '2c8770598ad2862e9274217a4cfc3f8a') in 0.002878 seconds
  Import took 0.004011 seconds .

========================================================================
Received Import Request.
  Time since last request: 0.000091 seconds.
  path: Assets/48 Particle Effect Pack/Effect/Sparking3.prefab
  artifactKey: Guid(b26161bd088b9ef4992538643ba979ba) Importer(815301076,1909f56bfc062723c751e8b465ee728b)
Start importing Assets/48 Particle Effect Pack/Effect/Sparking3.prefab using Guid(b26161bd088b9ef4992538643ba979ba) Importer(815301076,1909f56bfc062723c751e8b465ee728b)  -> (artifact id: '4cc031443c7f4238b90c15523ee3e055') in 0.005550 seconds
  Import took 0.006744 seconds .

========================================================================
Received Import Request.
  Time since last request: 50.907172 seconds.
  path: Assets/48 Particle Effect Pack/Script/csDestroyEffect.cs
  artifactKey: Guid(db08735561a38424182823d8d175333b) Importer(815301076,1909f56bfc062723c751e8b465ee728b)
Start importing Assets/48 Particle Effect Pack/Script/csDestroyEffect.cs using Guid(db08735561a38424182823d8d175333b) Importer(815301076,1909f56bfc062723c751e8b465ee728b)  -> (artifact id: '4404eca48195c90c56906bc8ef066365') in 0.001884 seconds
  Import took 0.003473 seconds .

========================================================================
Received Import Request.
  Time since last request: 2.985363 seconds.
  path: Assets/48 Particle Effect Pack/Script/csMouseOrbit.cs
  artifactKey: Guid(32f6dbf2a977752468cebfd7012b8e95) Importer(815301076,1909f56bfc062723c751e8b465ee728b)
Start importing Assets/48 Particle Effect Pack/Script/csMouseOrbit.cs using Guid(32f6dbf2a977752468cebfd7012b8e95) Importer(815301076,1909f56bfc062723c751e8b465ee728b)  -> (artifact id: '260871dbdf4800daeba5502d4d676809') in 0.001853 seconds
  Import took 0.003562 seconds .

========================================================================
Received Import Request.
  Time since last request: 0.016463 seconds.
  path: Assets/48 Particle Effect Pack/Script/csMouseOrbit.cs
  artifactKey: Guid(32f6dbf2a977752468cebfd7012b8e95) Importer(815301076,1909f56bfc062723c751e8b465ee728b)
Start importing Assets/48 Particle Effect Pack/Script/csMouseOrbit.cs using Guid(32f6dbf2a977752468cebfd7012b8e95) Importer(815301076,1909f56bfc062723c751e8b465ee728b)  -> (artifact id: '260871dbdf4800daeba5502d4d676809') in 0.001465 seconds
  Import took 0.002803 seconds .

========================================================================
Received Import Request.
  Time since last request: 45.832125 seconds.
  path: Assets/Scripts/Teleporter_B_ball.cs
  artifactKey: Guid(facded75efb7dee4c8f619882fc4ca03) Importer(815301076,1909f56bfc062723c751e8b465ee728b)
Start importing Assets/Scripts/Teleporter_B_ball.cs using Guid(facded75efb7dee4c8f619882fc4ca03) Importer(815301076,1909f56bfc062723c751e8b465ee728b)  -> (artifact id: 'df7bbeea4228f00fed3e34844c34743b') in 0.004913 seconds
  Import took 0.006520 seconds .

========================================================================
Received Import Request.
  Time since last request: 85.219017 seconds.
  path: Assets/Scripts/TeleportEffect.cs
  artifactKey: Guid(a889365d17f5acc438f6fa559732b17f) Importer(815301076,1909f56bfc062723c751e8b465ee728b)
Start importing Assets/Scripts/TeleportEffect.cs using Guid(a889365d17f5acc438f6fa559732b17f) Importer(815301076,1909f56bfc062723c751e8b465ee728b)  -> (artifact id: 'a6cdec3b7da8e62a0cae5108eed63414') in 0.004590 seconds
  Import took 0.006346 seconds .

========================================================================
Received Prepare
Registering precompiled user dll's ...
Registered in 0.000426 seconds.
Begin MonoManager ReloadAssembly
Native extension for WindowsStandalone target not found
Native extension for WebGL target not found
Refreshing native plugins compatible for Editor in 0.20 ms, found 0 plugins.
Preloading 0 native plugins for Editor in 0.00 ms.
Mono: successfully reloaded assembly
- Completed reload, in  0.496 seconds
Platform modules already initialized, skipping
Refreshing native plugins compatible for Editor in 0.20 ms, found 0 plugins.
Preloading 0 native plugins for Editor in 0.00 ms.
Unloading 1127 Unused Serialized files (Serialized files now loaded: 0)
System memory in use before: 73.7 MB.
System memory in use after: 73.7 MB.

Unloading 5 unused Assets to reduce memory usage. Loaded Objects now: 1688.
Total: 1.395600 ms (FindLiveObjects: 0.123600 ms CreateObjectMapping: 0.034700 ms MarkObjects: 1.189800 ms  DeleteObjects: 0.046900 ms)

========================================================================
Received Prepare
Registering precompiled user dll's ...
Registered in 0.000443 seconds.
Begin MonoManager ReloadAssembly
Native extension for WindowsStandalone target not found
Native extension for WebGL target not found
Refreshing native plugins compatible for Editor in 0.25 ms, found 0 plugins.
Preloading 0 native plugins for Editor in 0.00 ms.
Mono: successfully reloaded assembly
- Completed reload, in  0.536 seconds
Platform modules already initialized, skipping
Refreshing native plugins compatible for Editor in 0.21 ms, found 0 plugins.
Preloading 0 native plugins for Editor in 0.00 ms.
Unloading 1127 Unused Serialized files (Serialized files now loaded: 0)
System memory in use before: 73.7 MB.
System memory in use after: 73.7 MB.

Unloading 5 unused Assets to reduce memory usage. Loaded Objects now: 1691.
Total: 1.554300 ms (FindLiveObjects: 0.159100 ms CreateObjectMapping: 0.040900 ms MarkObjects: 1.290100 ms  DeleteObjects: 0.063600 ms)

========================================================================
Received Prepare
Registering precompiled user dll's ...
Registered in 0.000393 seconds.
Begin MonoManager ReloadAssembly
Native extension for WindowsStandalone target not found
Native extension for WebGL target not found
Refreshing native plugins compatible for Editor in 0.20 ms, found 0 plugins.
Preloading 0 native plugins for Editor in 0.00 ms.
Mono: successfully reloaded assembly
- Completed reload, in  0.480 seconds
Platform modules already initialized, skipping
Refreshing native plugins compatible for Editor in 0.20 ms, found 0 plugins.
Preloading 0 native plugins for Editor in 0.00 ms.
Unloading 1127 Unused Serialized files (Serialized files now loaded: 0)
System memory in use before: 73.7 MB.
System memory in use after: 73.7 MB.

Unloading 5 unused Assets to reduce memory usage. Loaded Objects now: 1694.
Total: 1.425900 ms (FindLiveObjects: 0.128400 ms CreateObjectMapping: 0.031900 ms MarkObjects: 1.212200 ms  DeleteObjects: 0.052900 ms)

========================================================================
Received Import Request.
  Time since last request: 466.515311 seconds.
  path: Assets/Scripts/Finish.cs
  artifactKey: Guid(13d101f80eab5724cbc277238ca1f5ed) Importer(815301076,1909f56bfc062723c751e8b465ee728b)
Start importing Assets/Scripts/Finish.cs using Guid(13d101f80eab5724cbc277238ca1f5ed) Importer(815301076,1909f56bfc062723c751e8b465ee728b)  -> (artifact id: 'a0673f82fe281b2216f9740f3e990920') in 0.006237 seconds
  Import took 0.008030 seconds .

========================================================================
Received Import Request.
  Time since last request: 0.000505 seconds.
  path: Assets/Scripts/Finish.cs
  artifactKey: Guid(13d101f80eab5724cbc277238ca1f5ed) Importer(815301076,1909f56bfc062723c751e8b465ee728b)
Start importing Assets/Scripts/Finish.cs using Guid(13d101f80eab5724cbc277238ca1f5ed) Importer(815301076,1909f56bfc062723c751e8b465ee728b)  -> (artifact id: 'a0673f82fe281b2216f9740f3e990920') in 0.001284 seconds
  Import took 0.002401 seconds .

========================================================================
Received Prepare
Registering precompiled user dll's ...
Registered in 0.000383 seconds.
Begin MonoManager ReloadAssembly
Native extension for WindowsStandalone target not found
Native extension for WebGL target not found
Refreshing native plugins compatible for Editor in 0.20 ms, found 0 plugins.
Preloading 0 native plugins for Editor in 0.00 ms.
Mono: successfully reloaded assembly
- Completed reload, in  0.494 seconds
Platform modules already initialized, skipping
Refreshing native plugins compatible for Editor in 0.20 ms, found 0 plugins.
Preloading 0 native plugins for Editor in 0.00 ms.
Unloading 1128 Unused Serialized files (Serialized files now loaded: 0)
System memory in use before: 73.7 MB.
System memory in use after: 73.8 MB.

Unloading 5 unused Assets to reduce memory usage. Loaded Objects now: 1698.
Total: 1.603600 ms (FindLiveObjects: 0.143000 ms CreateObjectMapping: 0.040100 ms MarkObjects: 1.368100 ms  DeleteObjects: 0.051900 ms)

========================================================================
Received Import Request.
  Time since last request: 16.029165 seconds.
  path: Assets/Scripts/CheckFinish.cs
  artifactKey: Guid(13d101f80eab5724cbc277238ca1f5ed) Importer(815301076,1909f56bfc062723c751e8b465ee728b)
Start importing Assets/Scripts/CheckFinish.cs using Guid(13d101f80eab5724cbc277238ca1f5ed) Importer(815301076,1909f56bfc062723c751e8b465ee728b)  -> (artifact id: 'af132f2ee753b9f351ee5fcb3a52e5f6') in 0.007052 seconds
  Import took 0.008578 seconds .

========================================================================
Received Prepare
Registering precompiled user dll's ...
Registered in 0.000387 seconds.
Begin MonoManager ReloadAssembly
Native extension for WindowsStandalone target not found
Native extension for WebGL target not found
Refreshing native plugins compatible for Editor in 0.21 ms, found 0 plugins.
Preloading 0 native plugins for Editor in 0.00 ms.
Mono: successfully reloaded assembly
- Completed reload, in  0.481 seconds
Platform modules already initialized, skipping
Refreshing native plugins compatible for Editor in 0.19 ms, found 0 plugins.
Preloading 0 native plugins for Editor in 0.00 ms.
Unloading 1128 Unused Serialized files (Serialized files now loaded: 0)
System memory in use before: 73.7 MB.
System memory in use after: 73.8 MB.

Unloading 5 unused Assets to reduce memory usage. Loaded Objects now: 1701.
Total: 1.404200 ms (FindLiveObjects: 0.147400 ms CreateObjectMapping: 0.040500 ms MarkObjects: 1.163700 ms  DeleteObjects: 0.051800 ms)

========================================================================
Received Import Request.
  Time since last request: 31.942794 seconds.
  path: Assets/Scripts/CheckFinish.cs
  artifactKey: Guid(13d101f80eab5724cbc277238ca1f5ed) Importer(815301076,1909f56bfc062723c751e8b465ee728b)
Start importing Assets/Scripts/CheckFinish.cs using Guid(13d101f80eab5724cbc277238ca1f5ed) Importer(815301076,1909f56bfc062723c751e8b465ee728b)  -> (artifact id: 'f56129e6c134370c2367755c47916d17') in 0.003147 seconds
  Import took 0.004622 seconds .

========================================================================
Received Import Request.
  Time since last request: 2.754684 seconds.
  path: Assets/Scripts/Finish.cs
  artifactKey: Guid(ccd3c5f8feb735c479c9664bd3df5ffb) Importer(815301076,1909f56bfc062723c751e8b465ee728b)
Start importing Assets/Scripts/Finish.cs using Guid(ccd3c5f8feb735c479c9664bd3df5ffb) Importer(815301076,1909f56bfc062723c751e8b465ee728b)  -> (artifact id: 'db68fd97be4c4b4f2d8f99f46a9a19d5') in 0.001562 seconds
  Import took 0.003117 seconds .

========================================================================
Received Prepare
Registering precompiled user dll's ...
Registered in 0.000401 seconds.
Begin MonoManager ReloadAssembly
Native extension for WindowsStandalone target not found
Native extension for WebGL target not found
Refreshing native plugins compatible for Editor in 0.20 ms, found 0 plugins.
Preloading 0 native plugins for Editor in 0.00 ms.
Mono: successfully reloaded assembly
- Completed reload, in  0.486 seconds
Platform modules already initialized, skipping
Refreshing native plugins compatible for Editor in 0.19 ms, found 0 plugins.
Preloading 0 native plugins for Editor in 0.00 ms.
Unloading 1129 Unused Serialized files (Serialized files now loaded: 0)
System memory in use before: 73.7 MB.
System memory in use after: 73.8 MB.

Unloading 5 unused Assets to reduce memory usage. Loaded Objects now: 1705.
Total: 1.549900 ms (FindLiveObjects: 0.136100 ms CreateObjectMapping: 0.038300 ms MarkObjects: 1.309300 ms  DeleteObjects: 0.065600 ms)

========================================================================
Received Prepare
Registering precompiled user dll's ...
Registered in 0.000389 seconds.
Begin MonoManager ReloadAssembly
Native extension for WindowsStandalone target not found
Native extension for WebGL target not found
Refreshing native plugins compatible for Editor in 0.20 ms, found 0 plugins.
Preloading 0 native plugins for Editor in 0.00 ms.
Mono: successfully reloaded assembly
- Completed reload, in  0.468 seconds
Platform modules already initialized, skipping
Refreshing native plugins compatible for Editor in 0.19 ms, found 0 plugins.
Preloading 0 native plugins for Editor in 0.00 ms.
Unloading 1128 Unused Serialized files (Serialized files now loaded: 0)
System memory in use before: 73.7 MB.
System memory in use after: 73.8 MB.

Unloading 6 unused Assets to reduce memory usage. Loaded Objects now: 1707.
Total: 1.430000 ms (FindLiveObjects: 0.141000 ms CreateObjectMapping: 0.036400 ms MarkObjects: 1.190500 ms  DeleteObjects: 0.061200 ms)

========================================================================
Received Import Request.
  Time since last request: 141.688182 seconds.
  path: Assets/Scripts/FinishEffect.cs
  artifactKey: Guid(7b1f51ae9dd380940acad0124bdcdde5) Importer(815301076,1909f56bfc062723c751e8b465ee728b)
Start importing Assets/Scripts/FinishEffect.cs using Guid(7b1f51ae9dd380940acad0124bdcdde5) Importer(815301076,1909f56bfc062723c751e8b465ee728b)  -> (artifact id: 'ac631c1efcdf6aff5a7bab2bdda1b30a') in 0.003400 seconds
  Import took 0.004970 seconds .

========================================================================
Received Prepare
Registering precompiled user dll's ...
Registered in 0.000398 seconds.
Begin MonoManager ReloadAssembly
Native extension for WindowsStandalone target not found
Native extension for WebGL target not found
Refreshing native plugins compatible for Editor in 0.21 ms, found 0 plugins.
Preloading 0 native plugins for Editor in 0.00 ms.
Mono: successfully reloaded assembly
- Completed reload, in  0.486 seconds
Platform modules already initialized, skipping
Refreshing native plugins compatible for Editor in 0.19 ms, found 0 plugins.
Preloading 0 native plugins for Editor in 0.00 ms.
Unloading 1128 Unused Serialized files (Serialized files now loaded: 0)
System memory in use before: 73.7 MB.
System memory in use after: 73.8 MB.

Unloading 5 unused Assets to reduce memory usage. Loaded Objects now: 1710.
Total: 1.626500 ms (FindLiveObjects: 0.220800 ms CreateObjectMapping: 0.047600 ms MarkObjects: 1.288200 ms  DeleteObjects: 0.069200 ms)

========================================================================
Received Import Request.
  Time since last request: 22.319145 seconds.
  path: Assets/Scripts/FinishEffect.cs
  artifactKey: Guid(7b1f51ae9dd380940acad0124bdcdde5) Importer(815301076,1909f56bfc062723c751e8b465ee728b)
Start importing Assets/Scripts/FinishEffect.cs using Guid(7b1f51ae9dd380940acad0124bdcdde5) Importer(815301076,1909f56bfc062723c751e8b465ee728b)  -> (artifact id: 'd2a6f56cd2c72e0fc1f02f1ab818598b') in 0.003116 seconds
  Import took 0.004593 seconds .

========================================================================
Received Prepare
Registering precompiled user dll's ...
Registered in 0.000519 seconds.
Begin MonoManager ReloadAssembly
Native extension for WindowsStandalone target not found
Native extension for WebGL target not found
Refreshing native plugins compatible for Editor in 0.26 ms, found 0 plugins.
Preloading 0 native plugins for Editor in 0.00 ms.
Mono: successfully reloaded assembly
- Completed reload, in  0.534 seconds
Platform modules already initialized, skipping
Refreshing native plugins compatible for Editor in 0.20 ms, found 0 plugins.
Preloading 0 native plugins for Editor in 0.00 ms.
Unloading 1128 Unused Serialized files (Serialized files now loaded: 0)
System memory in use before: 73.7 MB.
System memory in use after: 73.8 MB.

Unloading 5 unused Assets to reduce memory usage. Loaded Objects now: 1713.
Total: 1.519500 ms (FindLiveObjects: 0.159800 ms CreateObjectMapping: 0.042600 ms MarkObjects: 1.259900 ms  DeleteObjects: 0.056500 ms)

========================================================================
Received Import Request.
  Time since last request: 380.698864 seconds.
  path: Assets/Scripts/FinishCamera.cs
  artifactKey: Guid(5b6520675a61226449ad480d91f60af1) Importer(815301076,1909f56bfc062723c751e8b465ee728b)
Start importing Assets/Scripts/FinishCamera.cs using Guid(5b6520675a61226449ad480d91f60af1) Importer(815301076,1909f56bfc062723c751e8b465ee728b)  -> (artifact id: 'dd2aeeb107d8d0a5193c5e799ca55fab') in 0.006771 seconds
  Import took 0.008524 seconds .

========================================================================
Received Prepare
Registering precompiled user dll's ...
Registered in 0.000359 seconds.
Begin MonoManager ReloadAssembly
Native extension for WindowsStandalone target not found
Native extension for WebGL target not found
Refreshing native plugins compatible for Editor in 0.21 ms, found 0 plugins.
Preloading 0 native plugins for Editor in 0.00 ms.
Mono: successfully reloaded assembly
- Completed reload, in  0.490 seconds
Platform modules already initialized, skipping
Refreshing native plugins compatible for Editor in 0.20 ms, found 0 plugins.
Preloading 0 native plugins for Editor in 0.00 ms.
Unloading 1129 Unused Serialized files (Serialized files now loaded: 0)
System memory in use before: 73.8 MB.
System memory in use after: 73.8 MB.

Unloading 5 unused Assets to reduce memory usage. Loaded Objects now: 1717.
Total: 1.644400 ms (FindLiveObjects: 0.138400 ms CreateObjectMapping: 0.046100 ms MarkObjects: 1.406600 ms  DeleteObjects: 0.052500 ms)

========================================================================
Received Import Request.
  Time since last request: 58.719968 seconds.
  path: Assets/Scripts/FinishCamera.cs
  artifactKey: Guid(5b6520675a61226449ad480d91f60af1) Importer(815301076,1909f56bfc062723c751e8b465ee728b)
Start importing Assets/Scripts/FinishCamera.cs using Guid(5b6520675a61226449ad480d91f60af1) Importer(815301076,1909f56bfc062723c751e8b465ee728b)  -> (artifact id: '85b756603a59e4db3670bdb685c55e59') in 0.003969 seconds
  Import took 0.005777 seconds .

========================================================================
Received Prepare
Registering precompiled user dll's ...
Registered in 0.000416 seconds.
Begin MonoManager ReloadAssembly
Native extension for WindowsStandalone target not found
Native extension for WebGL target not found
Refreshing native plugins compatible for Editor in 0.20 ms, found 0 plugins.
Preloading 0 native plugins for Editor in 0.00 ms.
Mono: successfully reloaded assembly
- Completed reload, in  0.477 seconds
Platform modules already initialized, skipping
Refreshing native plugins compatible for Editor in 0.17 ms, found 0 plugins.
Preloading 0 native plugins for Editor in 0.00 ms.
Unloading 1129 Unused Serialized files (Serialized files now loaded: 0)
System memory in use before: 73.8 MB.
System memory in use after: 73.8 MB.

Unloading 5 unused Assets to reduce memory usage. Loaded Objects now: 1720.
Total: 1.415700 ms (FindLiveObjects: 0.117200 ms CreateObjectMapping: 0.032000 ms MarkObjects: 1.216200 ms  DeleteObjects: 0.049800 ms)

========================================================================
Received Import Request.
  Time since last request: 24.057528 seconds.
  path: Assets/Scripts/FinishCamera.cs
  artifactKey: Guid(5b6520675a61226449ad480d91f60af1) Importer(815301076,1909f56bfc062723c751e8b465ee728b)
Start importing Assets/Scripts/FinishCamera.cs using Guid(5b6520675a61226449ad480d91f60af1) Importer(815301076,1909f56bfc062723c751e8b465ee728b)  -> (artifact id: '4fc689233f65e59561973521af64238a') in 0.003176 seconds
  Import took 0.004620 seconds .

========================================================================
Received Prepare
Registering precompiled user dll's ...
Registered in 0.000407 seconds.
Begin MonoManager ReloadAssembly
Native extension for WindowsStandalone target not found
Native extension for WebGL target not found
Refreshing native plugins compatible for Editor in 0.20 ms, found 0 plugins.
Preloading 0 native plugins for Editor in 0.00 ms.
Mono: successfully reloaded assembly
- Completed reload, in  0.511 seconds
Platform modules already initialized, skipping
Refreshing native plugins compatible for Editor in 0.24 ms, found 0 plugins.
Preloading 0 native plugins for Editor in 0.00 ms.
Unloading 1129 Unused Serialized files (Serialized files now loaded: 0)
System memory in use before: 73.8 MB.
System memory in use after: 73.8 MB.

Unloading 5 unused Assets to reduce memory usage. Loaded Objects now: 1723.
Total: 1.675400 ms (FindLiveObjects: 0.152700 ms CreateObjectMapping: 0.047600 ms MarkObjects: 1.415700 ms  DeleteObjects: 0.058700 ms)

========================================================================
Received Import Request.
  Time since last request: 473.631173 seconds.
  path: Assets/Scripts/BallSpawner.cs
  artifactKey: Guid(85f6827d4a006f841b62a7432fabeb9b) Importer(815301076,1909f56bfc062723c751e8b465ee728b)
Start importing Assets/Scripts/BallSpawner.cs using Guid(85f6827d4a006f841b62a7432fabeb9b) Importer(815301076,1909f56bfc062723c751e8b465ee728b)  -> (artifact id: '746c0844e379a9316392fc83397c3994') in 0.007024 seconds
  Import took 0.008719 seconds .

========================================================================
Received Prepare
Registering precompiled user dll's ...
Registered in 0.000551 seconds.
Begin MonoManager ReloadAssembly
Native extension for WindowsStandalone target not found
Native extension for WebGL target not found
Refreshing native plugins compatible for Editor in 0.22 ms, found 0 plugins.
Preloading 0 native plugins for Editor in 0.00 ms.
Mono: successfully reloaded assembly
- Completed reload, in  0.489 seconds
Platform modules already initialized, skipping
Refreshing native plugins compatible for Editor in 0.20 ms, found 0 plugins.
Preloading 0 native plugins for Editor in 0.00 ms.
Unloading 1130 Unused Serialized files (Serialized files now loaded: 0)
System memory in use before: 73.8 MB.
System memory in use after: 73.9 MB.

Unloading 5 unused Assets to reduce memory usage. Loaded Objects now: 1727.
Total: 1.377900 ms (FindLiveObjects: 0.188000 ms CreateObjectMapping: 0.030100 ms MarkObjects: 1.107800 ms  DeleteObjects: 0.051200 ms)

========================================================================
Received Prepare
Registering precompiled user dll's ...
Registered in 0.000383 seconds.
Begin MonoManager ReloadAssembly
Native extension for WindowsStandalone target not found
Native extension for WebGL target not found
Refreshing native plugins compatible for Editor in 0.22 ms, found 0 plugins.
Preloading 0 native plugins for Editor in 0.00 ms.
Mono: successfully reloaded assembly
- Completed reload, in  0.533 seconds
Platform modules already initialized, skipping
Refreshing native plugins compatible for Editor in 0.20 ms, found 0 plugins.
Preloading 0 native plugins for Editor in 0.00 ms.
Unloading 1130 Unused Serialized files (Serialized files now loaded: 0)
System memory in use before: 73.8 MB.
System memory in use after: 73.9 MB.

Unloading 5 unused Assets to reduce memory usage. Loaded Objects now: 1730.
Total: 1.569000 ms (FindLiveObjects: 0.199000 ms CreateObjectMapping: 0.056400 ms MarkObjects: 1.256000 ms  DeleteObjects: 0.056700 ms)

========================================================================
Received Import Request.
  Time since last request: 713.311674 seconds.
  path: Assets/Scripts/BallSpawn.cs
  artifactKey: Guid(a2b29b649d52d2446838ea3c4f5a98c0) Importer(815301076,1909f56bfc062723c751e8b465ee728b)
Start importing Assets/Scripts/BallSpawn.cs using Guid(a2b29b649d52d2446838ea3c4f5a98c0) Importer(815301076,1909f56bfc062723c751e8b465ee728b)  -> (artifact id: '09d5c71651d65ee20e78642fe71eca12') in 0.007338 seconds
  Import took 0.009181 seconds .

========================================================================
Received Prepare
Registering precompiled user dll's ...
Registered in 0.000389 seconds.
Begin MonoManager ReloadAssembly
Native extension for WindowsStandalone target not found
Native extension for WebGL target not found
Refreshing native plugins compatible for Editor in 0.23 ms, found 0 plugins.
Preloading 0 native plugins for Editor in 0.00 ms.
Mono: successfully reloaded assembly
- Completed reload, in  0.481 seconds
Platform modules already initialized, skipping
Refreshing native plugins compatible for Editor in 0.20 ms, found 0 plugins.
Preloading 0 native plugins for Editor in 0.00 ms.
Unloading 1131 Unused Serialized files (Serialized files now loaded: 0)
System memory in use before: 73.8 MB.
System memory in use after: 73.9 MB.

Unloading 5 unused Assets to reduce memory usage. Loaded Objects now: 1734.
Total: 1.487400 ms (FindLiveObjects: 0.144200 ms CreateObjectMapping: 0.039900 ms MarkObjects: 1.248800 ms  DeleteObjects: 0.053700 ms)

========================================================================
Received Prepare
Registering precompiled user dll's ...
Registered in 0.000467 seconds.
Begin MonoManager ReloadAssembly
Native extension for WindowsStandalone target not found
Native extension for WebGL target not found
Refreshing native plugins compatible for Editor in 0.20 ms, found 0 plugins.
Preloading 0 native plugins for Editor in 0.00 ms.
Mono: successfully reloaded assembly
- Completed reload, in  0.493 seconds
Platform modules already initialized, skipping
Refreshing native plugins compatible for Editor in 0.33 ms, found 0 plugins.
Preloading 0 native plugins for Editor in 0.00 ms.
Unloading 1131 Unused Serialized files (Serialized files now loaded: 0)
System memory in use before: 73.8 MB.
System memory in use after: 73.9 MB.

Unloading 5 unused Assets to reduce memory usage. Loaded Objects now: 1737.
Total: 1.530400 ms (FindLiveObjects: 0.145400 ms CreateObjectMapping: 0.043700 ms MarkObjects: 1.281400 ms  DeleteObjects: 0.059000 ms)

========================================================================
Received Import Request.
  Time since last request: 35.726773 seconds.
  path: Assets/Scripts/BallSpawn.cs
  artifactKey: Guid(a2b29b649d52d2446838ea3c4f5a98c0) Importer(815301076,1909f56bfc062723c751e8b465ee728b)
Start importing Assets/Scripts/BallSpawn.cs using Guid(a2b29b649d52d2446838ea3c4f5a98c0) Importer(815301076,1909f56bfc062723c751e8b465ee728b)  -> (artifact id: '1d25e83c480549980735920b0b5d2c92') in 0.003219 seconds
  Import took 0.004755 seconds .

========================================================================
Received Import Request.
  Time since last request: 34.477005 seconds.
  path: Assets/Scripts/BallSpawner.cs
  artifactKey: Guid(85f6827d4a006f841b62a7432fabeb9b) Importer(815301076,1909f56bfc062723c751e8b465ee728b)
Start importing Assets/Scripts/BallSpawner.cs using Guid(85f6827d4a006f841b62a7432fabeb9b) Importer(815301076,1909f56bfc062723c751e8b465ee728b)  -> (artifact id: 'ba9d173694b37c364bf30d2efd54b4ae') in 0.005222 seconds
  Import took 0.006908 seconds .

========================================================================
Received Prepare
Registering precompiled user dll's ...
Registered in 0.000496 seconds.
Begin MonoManager ReloadAssembly
Native extension for WindowsStandalone target not found
Native extension for WebGL target not found
Refreshing native plugins compatible for Editor in 0.23 ms, found 0 plugins.
Preloading 0 native plugins for Editor in 0.00 ms.
Mono: successfully reloaded assembly
- Completed reload, in  0.554 seconds
Platform modules already initialized, skipping
Refreshing native plugins compatible for Editor in 0.20 ms, found 0 plugins.
Preloading 0 native plugins for Editor in 0.00 ms.
Unloading 1131 Unused Serialized files (Serialized files now loaded: 0)
System memory in use before: 73.8 MB.
System memory in use after: 73.9 MB.

Unloading 5 unused Assets to reduce memory usage. Loaded Objects now: 1740.
Total: 1.640700 ms (FindLiveObjects: 0.155700 ms CreateObjectMapping: 0.061200 ms MarkObjects: 1.364100 ms  DeleteObjects: 0.058700 ms)

========================================================================
Received Prepare
Registering precompiled user dll's ...
Registered in 0.000433 seconds.
Begin MonoManager ReloadAssembly
Native extension for WindowsStandalone target not found
Native extension for WebGL target not found
Refreshing native plugins compatible for Editor in 0.21 ms, found 0 plugins.
Preloading 0 native plugins for Editor in 0.00 ms.
Mono: successfully reloaded assembly
- Completed reload, in  0.473 seconds
Platform modules already initialized, skipping
Refreshing native plugins compatible for Editor in 0.20 ms, found 0 plugins.
Preloading 0 native plugins for Editor in 0.00 ms.
Unloading 1131 Unused Serialized files (Serialized files now loaded: 0)
System memory in use before: 73.9 MB.
System memory in use after: 73.9 MB.

Unloading 5 unused Assets to reduce memory usage. Loaded Objects now: 1743.
Total: 1.591800 ms (FindLiveObjects: 0.125000 ms CreateObjectMapping: 0.032300 ms MarkObjects: 1.364000 ms  DeleteObjects: 0.070000 ms)

========================================================================
Received Prepare
Registering precompiled user dll's ...
Registered in 0.000432 seconds.
Begin MonoManager ReloadAssembly
Native extension for WindowsStandalone target not found
Native extension for WebGL target not found
Refreshing native plugins compatible for Editor in 0.20 ms, found 0 plugins.
Preloading 0 native plugins for Editor in 0.00 ms.
Mono: successfully reloaded assembly
- Completed reload, in  0.478 seconds
Platform modules already initialized, skipping
Refreshing native plugins compatible for Editor in 0.20 ms, found 0 plugins.
Preloading 0 native plugins for Editor in 0.00 ms.
Unloading 1131 Unused Serialized files (Serialized files now loaded: 0)
System memory in use before: 73.9 MB.
System memory in use after: 73.9 MB.

Unloading 5 unused Assets to reduce memory usage. Loaded Objects now: 1746.
Total: 1.400500 ms (FindLiveObjects: 0.129200 ms CreateObjectMapping: 0.033600 ms MarkObjects: 1.187000 ms  DeleteObjects: 0.050100 ms)

========================================================================
Received Import Request.
  Time since last request: 1019.882711 seconds.
  path: Assets/New Terrain.asset
  artifactKey: Guid(80fa9f8f4cbd3b342a4616252808dcab) Importer(815301076,1909f56bfc062723c751e8b465ee728b)
Start importing Assets/New Terrain.asset using Guid(80fa9f8f4cbd3b342a4616252808dcab) Importer(815301076,1909f56bfc062723c751e8b465ee728b)  -> (artifact id: '7b839e38effd8cb928d9e7a1b23aa049') in 0.062804 seconds
  Import took 0.064425 seconds .

========================================================================
Received Import Request.
  Time since last request: 0.000161 seconds.
  path: Assets/New Terrain.asset
  artifactKey: Guid(80fa9f8f4cbd3b342a4616252808dcab) Importer(815301076,1909f56bfc062723c751e8b465ee728b)
Start importing Assets/New Terrain.asset using Guid(80fa9f8f4cbd3b342a4616252808dcab) Importer(815301076,1909f56bfc062723c751e8b465ee728b)  -> (artifact id: '7b839e38effd8cb928d9e7a1b23aa049') in 0.012644 seconds
  Import took 0.014218 seconds .

========================================================================
Received Prepare
Registering precompiled user dll's ...
Registered in 0.000454 seconds.
Begin MonoManager ReloadAssembly
Native extension for WindowsStandalone target not found
Native extension for WebGL target not found
Refreshing native plugins compatible for Editor in 0.22 ms, found 0 plugins.
Preloading 0 native plugins for Editor in 0.00 ms.
Mono: successfully reloaded assembly
- Completed reload, in  0.541 seconds
Platform modules already initialized, skipping
Refreshing native plugins compatible for Editor in 0.21 ms, found 0 plugins.
Preloading 0 native plugins for Editor in 0.00 ms.
Unloading 1131 Unused Serialized files (Serialized files now loaded: 0)
System memory in use before: 73.9 MB.
System memory in use after: 74.0 MB.

Unloading 5 unused Assets to reduce memory usage. Loaded Objects now: 1749.
Total: 1.621400 ms (FindLiveObjects: 0.177500 ms CreateObjectMapping: 0.048600 ms MarkObjects: 1.337300 ms  DeleteObjects: 0.057500 ms)

========================================================================
Received Import Request.
  Time since last request: 757.142553 seconds.
  path: Assets/Prefab's/Panels/Plate.prefab
  artifactKey: Guid(95859e1b76462b54492d92f0545bc81a) Importer(815301076,1909f56bfc062723c751e8b465ee728b)
Start importing Assets/Prefab's/Panels/Plate.prefab using Guid(95859e1b76462b54492d92f0545bc81a) Importer(815301076,1909f56bfc062723c751e8b465ee728b)  -> (artifact id: '7aa0974f3f25f9a583532f24034a313c') in 0.040680 seconds
  Import took 0.042471 seconds .

========================================================================
Received Prepare
Registering precompiled user dll's ...
Registered in 0.000538 seconds.
Begin MonoManager ReloadAssembly
Native extension for WindowsStandalone target not found
Native extension for WebGL target not found
Refreshing native plugins compatible for Editor in 0.20 ms, found 0 plugins.
Preloading 0 native plugins for Editor in 0.00 ms.
Mono: successfully reloaded assembly
- Completed reload, in  0.488 seconds
Platform modules already initialized, skipping
Refreshing native plugins compatible for Editor in 0.20 ms, found 0 plugins.
Preloading 0 native plugins for Editor in 0.00 ms.
Unloading 1131 Unused Serialized files (Serialized files now loaded: 0)
System memory in use before: 73.9 MB.
System memory in use after: 74.0 MB.

Unloading 6 unused Assets to reduce memory usage. Loaded Objects now: 1753.
Total: 1.507000 ms (FindLiveObjects: 0.135500 ms CreateObjectMapping: 0.037400 ms MarkObjects: 1.278000 ms  DeleteObjects: 0.055400 ms)

========================================================================
Received Import Request.
  Time since last request: 191.866805 seconds.
  path: Assets/Scripts/FinishEffect.cs
  artifactKey: Guid(7b1f51ae9dd380940acad0124bdcdde5) Importer(815301076,1909f56bfc062723c751e8b465ee728b)
Start importing Assets/Scripts/FinishEffect.cs using Guid(7b1f51ae9dd380940acad0124bdcdde5) Importer(815301076,1909f56bfc062723c751e8b465ee728b)  -> (artifact id: '4a817d04534090e3a3f4e66244702a4e') in 0.005931 seconds
  Import took 0.007300 seconds .

========================================================================
Received Prepare
Registering precompiled user dll's ...
Registered in 0.000390 seconds.
Begin MonoManager ReloadAssembly
Native extension for WindowsStandalone target not found
Native extension for WebGL target not found
Refreshing native plugins compatible for Editor in 0.32 ms, found 0 plugins.
Preloading 0 native plugins for Editor in 0.00 ms.
Mono: successfully reloaded assembly
- Completed reload, in  0.518 seconds
Platform modules already initialized, skipping
Refreshing native plugins compatible for Editor in 0.21 ms, found 0 plugins.
Preloading 0 native plugins for Editor in 0.00 ms.
Unloading 1131 Unused Serialized files (Serialized files now loaded: 0)
System memory in use before: 73.9 MB.
System memory in use after: 74.0 MB.

Unloading 5 unused Assets to reduce memory usage. Loaded Objects now: 1756.
Total: 1.601900 ms (FindLiveObjects: 0.301200 ms CreateObjectMapping: 0.054000 ms MarkObjects: 1.182800 ms  DeleteObjects: 0.063200 ms)

========================================================================
Received Prepare
Registering precompiled user dll's ...
Registered in 0.000485 seconds.
Begin MonoManager ReloadAssembly
Native extension for WindowsStandalone target not found
Native extension for WebGL target not found
Refreshing native plugins compatible for Editor in 0.21 ms, found 0 plugins.
Preloading 0 native plugins for Editor in 0.00 ms.
Mono: successfully reloaded assembly
- Completed reload, in  0.527 seconds
Platform modules already initialized, skipping
Refreshing native plugins compatible for Editor in 0.21 ms, found 0 plugins.
Preloading 0 native plugins for Editor in 0.00 ms.
Unloading 1131 Unused Serialized files (Serialized files now loaded: 0)
System memory in use before: 73.9 MB.
System memory in use after: 74.0 MB.

Unloading 5 unused Assets to reduce memory usage. Loaded Objects now: 1759.
Total: 1.420600 ms (FindLiveObjects: 0.139100 ms CreateObjectMapping: 0.035700 ms MarkObjects: 1.173600 ms  DeleteObjects: 0.071300 ms)

========================================================================
Received Prepare
Registering precompiled user dll's ...
Registered in 0.000405 seconds.
Begin MonoManager ReloadAssembly
Native extension for WindowsStandalone target not found
Native extension for WebGL target not found
Refreshing native plugins compatible for Editor in 0.20 ms, found 0 plugins.
Preloading 0 native plugins for Editor in 0.00 ms.
Mono: successfully reloaded assembly
- Completed reload, in  0.469 seconds
Platform modules already initialized, skipping
Refreshing native plugins compatible for Editor in 0.22 ms, found 0 plugins.
Preloading 0 native plugins for Editor in 0.00 ms.
Unloading 1131 Unused Serialized files (Serialized files now loaded: 0)
System memory in use before: 73.9 MB.
System memory in use after: 74.0 MB.

Unloading 5 unused Assets to reduce memory usage. Loaded Objects now: 1762.
Total: 1.530300 ms (FindLiveObjects: 0.132700 ms CreateObjectMapping: 0.031000 ms MarkObjects: 1.304200 ms  DeleteObjects: 0.061700 ms)

========================================================================
Received Prepare
Registering precompiled user dll's ...
Registered in 0.000396 seconds.
Begin MonoManager ReloadAssembly
Native extension for WindowsStandalone target not found
Native extension for WebGL target not found
Refreshing native plugins compatible for Editor in 0.20 ms, found 0 plugins.
Preloading 0 native plugins for Editor in 0.00 ms.
Mono: successfully reloaded assembly
- Completed reload, in  0.485 seconds
Platform modules already initialized, skipping
Refreshing native plugins compatible for Editor in 0.20 ms, found 0 plugins.
Preloading 0 native plugins for Editor in 0.00 ms.
Unloading 1131 Unused Serialized files (Serialized files now loaded: 0)
System memory in use before: 73.9 MB.
System memory in use after: 74.0 MB.

Unloading 5 unused Assets to reduce memory usage. Loaded Objects now: 1765.
Total: 1.686000 ms (FindLiveObjects: 0.164200 ms CreateObjectMapping: 0.046900 ms MarkObjects: 1.419900 ms  DeleteObjects: 0.054000 ms)

========================================================================
Received Prepare
Registering precompiled user dll's ...
Registered in 0.000365 seconds.
Begin MonoManager ReloadAssembly
Native extension for WindowsStandalone target not found
Native extension for WebGL target not found
Refreshing native plugins compatible for Editor in 0.21 ms, found 0 plugins.
Preloading 0 native plugins for Editor in 0.00 ms.
Mono: successfully reloaded assembly
- Completed reload, in  0.468 seconds
Platform modules already initialized, skipping
Refreshing native plugins compatible for Editor in 0.21 ms, found 0 plugins.
Preloading 0 native plugins for Editor in 0.00 ms.
Unloading 1131 Unused Serialized files (Serialized files now loaded: 0)
System memory in use before: 73.9 MB.
System memory in use after: 74.0 MB.

Unloading 5 unused Assets to reduce memory usage. Loaded Objects now: 1768.
Total: 1.355200 ms (FindLiveObjects: 0.137500 ms CreateObjectMapping: 0.038900 ms MarkObjects: 1.125400 ms  DeleteObjects: 0.052800 ms)

========================================================================
Received Prepare
Registering precompiled user dll's ...
Registered in 0.000378 seconds.
Begin MonoManager ReloadAssembly
Native extension for WindowsStandalone target not found
Native extension for WebGL target not found
Refreshing native plugins compatible for Editor in 0.20 ms, found 0 plugins.
Preloading 0 native plugins for Editor in 0.00 ms.
Mono: successfully reloaded assembly
- Completed reload, in  0.479 seconds
Platform modules already initialized, skipping
Refreshing native plugins compatible for Editor in 0.20 ms, found 0 plugins.
Preloading 0 native plugins for Editor in 0.00 ms.
Unloading 1131 Unused Serialized files (Serialized files now loaded: 0)
System memory in use before: 73.9 MB.
System memory in use after: 74.0 MB.

Unloading 5 unused Assets to reduce memory usage. Loaded Objects now: 1771.
Total: 1.424400 ms (FindLiveObjects: 0.135700 ms CreateObjectMapping: 0.030700 ms MarkObjects: 1.203900 ms  DeleteObjects: 0.053400 ms)

AssetImportWorkerClient::OnTransportError - code=2 error=End of file
